{"/Users/luisdavidducuaracadavid/Downloads/ENTREGA2/src/app.controller.ts": {"path":"/Users/luisdavidducuaracadavid/Downloads/ENTREGA2/src/app.controller.ts","statementMap":{"0":{"start":{"line":1,"column":0},"end":{"line":1,"column":49}},"1":{"start":{"line":2,"column":0},"end":{"line":2,"column":62}},"2":{"start":{"line":5,"column":7},"end":{"line":11,"column":null}},"3":{"start":{"line":9,"column":4},"end":{"line":9,"column":59}},"4":{"start":{"line":5,"column":13},"end":{"line":5,"column":26}},"5":{"start":{"line":8,"column":2},"end":{"line":10,"column":null}},"6":{"start":{"line":5,"column":13},"end":{"line":11,"column":null}}},"fnMap":{"0":{"name":"(anonymous_2)","decl":{"start":{"line":8,"column":2},"end":{"line":8,"column":8}},"loc":{"start":{"line":8,"column":8},"end":{"line":10,"column":3}}}},"branchMap":{},"s":{"0":0,"1":0,"2":0,"3":0,"4":0,"5":0,"6":0},"f":{"0":0},"b":{}}
,"/Users/luisdavidducuaracadavid/Downloads/ENTREGA2/src/app.module.ts": {"path":"/Users/luisdavidducuaracadavid/Downloads/ENTREGA2/src/app.module.ts","statementMap":{"0":{"start":{"line":1,"column":0},"end":{"line":1,"column":72}},"1":{"start":{"line":2,"column":0},"end":{"line":2,"column":70}},"2":{"start":{"line":3,"column":0},"end":{"line":3,"column":61}},"3":{"start":{"line":4,"column":0},"end":{"line":4,"column":48}},"4":{"start":{"line":5,"column":0},"end":{"line":5,"column":51}},"5":{"start":{"line":6,"column":0},"end":{"line":6,"column":47}},"6":{"start":{"line":7,"column":0},"end":{"line":7,"column":51}},"7":{"start":{"line":8,"column":0},"end":{"line":8,"column":57}},"8":{"start":{"line":9,"column":0},"end":{"line":9,"column":48}},"9":{"start":{"line":10,"column":0},"end":{"line":10,"column":57}},"10":{"start":{"line":11,"column":0},"end":{"line":11,"column":62}},"11":{"start":{"line":12,"column":0},"end":{"line":12,"column":79}},"12":{"start":{"line":13,"column":0},"end":{"line":13,"column":77}},"13":{"start":{"line":14,"column":0},"end":{"line":14,"column":74}},"14":{"start":{"line":15,"column":0},"end":{"line":15,"column":49}},"15":{"start":{"line":16,"column":0},"end":{"line":16,"column":66}},"16":{"start":{"line":17,"column":0},"end":{"line":17,"column":57}},"17":{"start":{"line":18,"column":0},"end":{"line":18,"column":69}},"18":{"start":{"line":19,"column":0},"end":{"line":19,"column":83}},"19":{"start":{"line":57,"column":7},"end":{"line":61,"column":null}},"20":{"start":{"line":59,"column":4},"end":{"line":59,"column":52}},"21":{"start":{"line":57,"column":13},"end":{"line":57,"column":22}},"22":{"start":{"line":57,"column":13},"end":{"line":61,"column":null}},"23":{"start":{"line":30,"column":46},"end":{"line":39,"column":8}}},"fnMap":{"0":{"name":"(anonymous_1)","decl":{"start":{"line":58,"column":2},"end":{"line":58,"column":11}},"loc":{"start":{"line":58,"column":40},"end":{"line":60,"column":3}}},"1":{"name":"(anonymous_2)","decl":{"start":{"line":30,"column":18},"end":{"line":30,"column":19}},"loc":{"start":{"line":30,"column":46},"end":{"line":39,"column":8}}}},"branchMap":{},"s":{"0":0,"1":0,"2":0,"3":0,"4":0,"5":0,"6":0,"7":0,"8":0,"9":0,"10":0,"11":0,"12":0,"13":0,"14":0,"15":0,"16":0,"17":0,"18":0,"19":0,"20":0,"21":0,"22":0,"23":0},"f":{"0":0,"1":0},"b":{}}
,"/Users/luisdavidducuaracadavid/Downloads/ENTREGA2/src/main.ts": {"path":"/Users/luisdavidducuaracadavid/Downloads/ENTREGA2/src/main.ts","statementMap":{"0":{"start":{"line":1,"column":0},"end":{"line":1,"column":26}},"1":{"start":{"line":2,"column":0},"end":{"line":2,"column":48}},"2":{"start":{"line":3,"column":0},"end":{"line":3,"column":43}},"3":{"start":{"line":4,"column":0},"end":{"line":4,"column":47}},"4":{"start":{"line":5,"column":0},"end":{"line":5,"column":65}},"5":{"start":{"line":6,"column":0},"end":{"line":6,"column":41}},"6":{"start":{"line":9,"column":14},"end":{"line":9,"column":49}},"7":{"start":{"line":10,"column":2},"end":{"line":10,"column":19}},"8":{"start":{"line":11,"column":2},"end":{"line":17,"column":4}},"9":{"start":{"line":19,"column":24},"end":{"line":19,"column":46}},"10":{"start":{"line":20,"column":24},"end":{"line":25,"column":12}},"11":{"start":{"line":26,"column":19},"end":{"line":26,"column":67}},"12":{"start":{"line":27,"column":2},"end":{"line":27,"column":45}},"13":{"start":{"line":29,"column":15},"end":{"line":29,"column":56}},"14":{"start":{"line":30,"column":2},"end":{"line":30,"column":25}},"15":{"start":{"line":31,"column":2},"end":{"line":31,"column":57}},"16":{"start":{"line":34,"column":0},"end":{"line":34,"column":12}}},"fnMap":{"0":{"name":"bootstrap","decl":{"start":{"line":8,"column":15},"end":{"line":8,"column":24}},"loc":{"start":{"line":8,"column":24},"end":{"line":32,"column":1}}}},"branchMap":{"0":{"loc":{"start":{"line":29,"column":15},"end":{"line":29,"column":56}},"type":"cond-expr","locations":[{"start":{"line":29,"column":48},"end":{"line":29,"column":52}},{"start":{"line":29,"column":52},"end":{"line":29,"column":56}}]},"1":{"loc":{"start":{"line":29,"column":15},"end":{"line":29,"column":52}},"type":"binary-expr","locations":[{"start":{"line":29,"column":15},"end":{"line":29,"column":52}},{"start":{"line":29,"column":48},"end":{"line":29,"column":52}}]}},"s":{"0":0,"1":0,"2":0,"3":0,"4":0,"5":0,"6":0,"7":0,"8":0,"9":0,"10":0,"11":0,"12":0,"13":0,"14":0,"15":0,"16":0},"f":{"0":0},"b":{"0":[0,0],"1":[0,0]}}
,"/Users/luisdavidducuaracadavid/Downloads/ENTREGA2/src/auth/auth.controller.ts": {"path":"/Users/luisdavidducuaracadavid/Downloads/ENTREGA2/src/auth/auth.controller.ts","statementMap":{"0":{"start":{"line":1,"column":0},"end":{"line":1,"column":56}},"1":{"start":{"line":2,"column":0},"end":{"line":2,"column":56}},"2":{"start":{"line":3,"column":0},"end":{"line":3,"column":63}},"3":{"start":{"line":4,"column":0},"end":{"line":4,"column":45}},"4":{"start":{"line":5,"column":0},"end":{"line":5,"column":43}},"5":{"start":{"line":6,"column":0},"end":{"line":6,"column":58}},"6":{"start":{"line":7,"column":0},"end":{"line":7,"column":49}},"7":{"start":{"line":11,"column":7},"end":{"line":34,"column":null}},"8":{"start":{"line":12,"column":31},"end":{"line":12,"column":44}},"9":{"start":{"line":18,"column":4},"end":{"line":18,"column":43}},"10":{"start":{"line":25,"column":4},"end":{"line":25,"column":40}},"11":{"start":{"line":32,"column":4},"end":{"line":32,"column":55}},"12":{"start":{"line":11,"column":13},"end":{"line":11,"column":27}},"13":{"start":{"line":17,"column":2},"end":{"line":19,"column":null}},"14":{"start":{"line":24,"column":2},"end":{"line":26,"column":null}},"15":{"start":{"line":31,"column":2},"end":{"line":33,"column":null}},"16":{"start":{"line":11,"column":13},"end":{"line":34,"column":null}}},"fnMap":{"0":{"name":"(anonymous_4)","decl":{"start":{"line":12,"column":2},"end":{"line":12,"column":31}},"loc":{"start":{"line":12,"column":55},"end":{"line":12,"column":59}}},"1":{"name":"(anonymous_5)","decl":{"start":{"line":17,"column":2},"end":{"line":17,"column":10}},"loc":{"start":{"line":17,"column":36},"end":{"line":19,"column":3}}},"2":{"name":"(anonymous_6)","decl":{"start":{"line":24,"column":2},"end":{"line":24,"column":7}},"loc":{"start":{"line":24,"column":30},"end":{"line":26,"column":3}}},"3":{"name":"(anonymous_7)","decl":{"start":{"line":31,"column":2},"end":{"line":31,"column":9}},"loc":{"start":{"line":31,"column":39},"end":{"line":33,"column":3}}}},"branchMap":{},"s":{"0":0,"1":0,"2":0,"3":0,"4":0,"5":0,"6":0,"7":0,"8":0,"9":0,"10":0,"11":0,"12":0,"13":0,"14":0,"15":0,"16":0},"f":{"0":0,"1":0,"2":0,"3":0},"b":{}}
,"/Users/luisdavidducuaracadavid/Downloads/ENTREGA2/src/auth/auth.module.ts": {"path":"/Users/luisdavidducuaracadavid/Downloads/ENTREGA2/src/auth/auth.module.ts","statementMap":{"0":{"start":{"line":1,"column":0},"end":{"line":1,"column":40}},"1":{"start":{"line":2,"column":0},"end":{"line":2,"column":61}},"2":{"start":{"line":3,"column":0},"end":{"line":3,"column":40}},"3":{"start":{"line":4,"column":0},"end":{"line":4,"column":50}},"4":{"start":{"line":5,"column":0},"end":{"line":5,"column":52}},"5":{"start":{"line":6,"column":0},"end":{"line":6,"column":51}},"6":{"start":{"line":7,"column":0},"end":{"line":7,"column":45}},"7":{"start":{"line":8,"column":0},"end":{"line":8,"column":56}},"8":{"start":{"line":9,"column":0},"end":{"line":9,"column":58}},"9":{"start":{"line":29,"column":7},"end":{"line":29,"column":null}},"10":{"start":{"line":29,"column":13},"end":{"line":29,"column":23}},"11":{"start":{"line":29,"column":13},"end":{"line":29,"column":null}},"12":{"start":{"line":19,"column":46},"end":{"line":22,"column":8}}},"fnMap":{"0":{"name":"(anonymous_1)","decl":{"start":{"line":19,"column":18},"end":{"line":19,"column":19}},"loc":{"start":{"line":19,"column":46},"end":{"line":22,"column":8}}}},"branchMap":{},"s":{"0":0,"1":0,"2":0,"3":0,"4":0,"5":0,"6":0,"7":0,"8":0,"9":0,"10":0,"11":0,"12":0},"f":{"0":0},"b":{}}
,"/Users/luisdavidducuaracadavid/Downloads/ENTREGA2/src/auth/auth.service.ts": {"path":"/Users/luisdavidducuaracadavid/Downloads/ENTREGA2/src/auth/auth.service.ts","statementMap":{"0":{"start":{"line":1,"column":0},"end":{"line":1,"column":67}},"1":{"start":{"line":2,"column":0},"end":{"line":2,"column":41}},"2":{"start":{"line":3,"column":0},"end":{"line":3,"column":47}},"3":{"start":{"line":4,"column":0},"end":{"line":4,"column":35}},"4":{"start":{"line":5,"column":0},"end":{"line":5,"column":54}},"5":{"start":{"line":6,"column":0},"end":{"line":6,"column":54}},"6":{"start":{"line":10,"column":0},"end":{"line":10,"column":60}},"7":{"start":{"line":13,"column":7},"end":{"line":89,"column":null}},"8":{"start":{"line":15,"column":21},"end":{"line":15,"column":35}},"9":{"start":{"line":16,"column":21},"end":{"line":16,"column":33}},"10":{"start":{"line":17,"column":21},"end":{"line":17,"column":36}},"11":{"start":{"line":18,"column":21},"end":{"line":18,"column":37}},"12":{"start":{"line":22,"column":17},"end":{"line":22,"column":53}},"13":{"start":{"line":23,"column":4},"end":{"line":30,"column":5}},"14":{"start":{"line":24,"column":6},"end":{"line":29,"column":9}},"15":{"start":{"line":31,"column":4},"end":{"line":31,"column":40}},"16":{"start":{"line":35,"column":17},"end":{"line":35,"column":64}},"17":{"start":{"line":36,"column":4},"end":{"line":36,"column":73}},"18":{"start":{"line":36,"column":15},"end":{"line":36,"column":73}},"19":{"start":{"line":38,"column":15},"end":{"line":38,"column":65}},"20":{"start":{"line":39,"column":4},"end":{"line":39,"column":71}},"21":{"start":{"line":39,"column":13},"end":{"line":39,"column":71}},"22":{"start":{"line":41,"column":4},"end":{"line":41,"column":40}},"23":{"start":{"line":45,"column":4},"end":{"line":60,"column":5}},"24":{"start":{"line":46,"column":22},"end":{"line":48,"column":8}},"25":{"start":{"line":50,"column":19},"end":{"line":50,"column":64}},"26":{"start":{"line":51,"column":6},"end":{"line":53,"column":7}},"27":{"start":{"line":52,"column":8},"end":{"line":52,"column":60}},"28":{"start":{"line":55,"column":21},"end":{"line":55,"column":43}},"29":{"start":{"line":56,"column":6},"end":{"line":56,"column":76}},"30":{"start":{"line":57,"column":6},"end":{"line":57,"column":54}},"31":{"start":{"line":59,"column":6},"end":{"line":59,"column":58}},"32":{"start":{"line":64,"column":32},"end":{"line":64,"column":84}},"33":{"start":{"line":65,"column":24},"end":{"line":68,"column":6}},"34":{"start":{"line":69,"column":25},"end":{"line":72,"column":6}},"35":{"start":{"line":73,"column":4},"end":{"line":73,"column":41}},"36":{"start":{"line":77,"column":19},"end":{"line":77,"column":41}},"37":{"start":{"line":78,"column":4},"end":{"line":78,"column":74}},"38":{"start":{"line":79,"column":4},"end":{"line":81,"column":null}},"39":{"start":{"line":86,"column":48},"end":{"line":86,"column":52}},"40":{"start":{"line":86,"column":43},"end":{"line":86,"column":48}},"41":{"start":{"line":87,"column":4},"end":{"line":87,"column":16}},"42":{"start":{"line":13,"column":13},"end":{"line":13,"column":24}},"43":{"start":{"line":13,"column":13},"end":{"line":89,"column":null}}},"fnMap":{"0":{"name":"(anonymous_3)","decl":{"start":{"line":14,"column":2},"end":{"line":14,"column":null}},"loc":{"start":{"line":18,"column":51},"end":{"line":19,"column":6}}},"1":{"name":"(anonymous_4)","decl":{"start":{"line":21,"column":2},"end":{"line":21,"column":7}},"loc":{"start":{"line":21,"column":34},"end":{"line":32,"column":3}}},"2":{"name":"(anonymous_5)","decl":{"start":{"line":34,"column":2},"end":{"line":34,"column":7}},"loc":{"start":{"line":34,"column":28},"end":{"line":42,"column":3}}},"3":{"name":"(anonymous_6)","decl":{"start":{"line":44,"column":2},"end":{"line":44,"column":7}},"loc":{"start":{"line":44,"column":36},"end":{"line":61,"column":3}}},"4":{"name":"(anonymous_7)","decl":{"start":{"line":63,"column":10},"end":{"line":63,"column":21}},"loc":{"start":{"line":63,"column":32},"end":{"line":74,"column":3}}},"5":{"name":"(anonymous_8)","decl":{"start":{"line":76,"column":10},"end":{"line":76,"column":15}},"loc":{"start":{"line":76,"column":44},"end":{"line":83,"column":3}}},"6":{"name":"(anonymous_9)","decl":{"start":{"line":85,"column":10},"end":{"line":85,"column":18}},"loc":{"start":{"line":85,"column":29},"end":{"line":88,"column":3}}}},"branchMap":{"0":{"loc":{"start":{"line":23,"column":4},"end":{"line":30,"column":5}},"type":"if","locations":[{"start":{"line":23,"column":4},"end":{"line":30,"column":5}}]},"1":{"loc":{"start":{"line":26,"column":17},"end":{"line":26,"column":38}},"type":"binary-expr","locations":[{"start":{"line":26,"column":17},"end":{"line":26,"column":29}},{"start":{"line":26,"column":33},"end":{"line":26,"column":38}}]},"2":{"loc":{"start":{"line":36,"column":4},"end":{"line":36,"column":73}},"type":"if","locations":[{"start":{"line":36,"column":4},"end":{"line":36,"column":73}}]},"3":{"loc":{"start":{"line":39,"column":4},"end":{"line":39,"column":71}},"type":"if","locations":[{"start":{"line":39,"column":4},"end":{"line":39,"column":71}}]},"4":{"loc":{"start":{"line":51,"column":6},"end":{"line":53,"column":7}},"type":"if","locations":[{"start":{"line":51,"column":6},"end":{"line":53,"column":7}}]},"5":{"loc":{"start":{"line":51,"column":10},"end":{"line":51,"column":53}},"type":"binary-expr","locations":[{"start":{"line":51,"column":10},"end":{"line":51,"column":15}},{"start":{"line":51,"column":19},"end":{"line":51,"column":53}}]}},"s":{"0":0,"1":0,"2":0,"3":0,"4":0,"5":0,"6":0,"7":0,"8":0,"9":0,"10":0,"11":0,"12":0,"13":0,"14":0,"15":0,"16":0,"17":0,"18":0,"19":0,"20":0,"21":0,"22":0,"23":0,"24":0,"25":0,"26":0,"27":0,"28":0,"29":0,"30":0,"31":0,"32":0,"33":0,"34":0,"35":0,"36":0,"37":0,"38":0,"39":0,"40":0,"41":0,"42":0,"43":0},"f":{"0":0,"1":0,"2":0,"3":0,"4":0,"5":0,"6":0},"b":{"0":[0],"1":[0,0],"2":[0],"3":[0],"4":[0],"5":[0,0]}}
,"/Users/luisdavidducuaracadavid/Downloads/ENTREGA2/src/auth/dto/login.dto.ts": {"path":"/Users/luisdavidducuaracadavid/Downloads/ENTREGA2/src/auth/dto/login.dto.ts","statementMap":{"0":{"start":{"line":1,"column":0},"end":{"line":1,"column":54}},"1":{"start":{"line":2,"column":0},"end":{"line":2,"column":46}},"2":{"start":{"line":4,"column":0},"end":{"line":4,"column":13}},"3":{"start":{"line":7,"column":2},"end":{"line":7,"column":null}},"4":{"start":{"line":11,"column":2},"end":{"line":11,"column":null}}},"fnMap":{},"branchMap":{},"s":{"0":0,"1":0,"2":0,"3":0,"4":0},"f":{},"b":{}}
,"/Users/luisdavidducuaracadavid/Downloads/ENTREGA2/src/auth/dto/refresh-token.dto.ts": {"path":"/Users/luisdavidducuaracadavid/Downloads/ENTREGA2/src/auth/dto/refresh-token.dto.ts","statementMap":{"0":{"start":{"line":1,"column":0},"end":{"line":1,"column":45}},"1":{"start":{"line":2,"column":0},"end":{"line":2,"column":46}},"2":{"start":{"line":4,"column":0},"end":{"line":4,"column":13}},"3":{"start":{"line":7,"column":2},"end":{"line":7,"column":null}}},"fnMap":{},"branchMap":{},"s":{"0":0,"1":0,"2":0,"3":0},"f":{},"b":{}}
,"/Users/luisdavidducuaracadavid/Downloads/ENTREGA2/src/auth/dto/register.dto.ts": {"path":"/Users/luisdavidducuaracadavid/Downloads/ENTREGA2/src/auth/dto/register.dto.ts","statementMap":{"0":{"start":{"line":1,"column":0},"end":{"line":1,"column":85}},"1":{"start":{"line":2,"column":0},"end":{"line":2,"column":67}},"2":{"start":{"line":3,"column":0},"end":{"line":3,"column":51}},"3":{"start":{"line":5,"column":0},"end":{"line":5,"column":13}},"4":{"start":{"line":8,"column":2},"end":{"line":8,"column":null}},"5":{"start":{"line":12,"column":2},"end":{"line":12,"column":null}},"6":{"start":{"line":16,"column":2},"end":{"line":16,"column":null}},"7":{"start":{"line":20,"column":2},"end":{"line":20,"column":null}},"8":{"start":{"line":25,"column":2},"end":{"line":25,"column":null}}},"fnMap":{},"branchMap":{},"s":{"0":0,"1":0,"2":0,"3":0,"4":0,"5":0,"6":0,"7":0,"8":0},"f":{},"b":{}}
,"/Users/luisdavidducuaracadavid/Downloads/ENTREGA2/src/auth/strategies/jwt.strategy.ts": {"path":"/Users/luisdavidducuaracadavid/Downloads/ENTREGA2/src/auth/strategies/jwt.strategy.ts","statementMap":{"0":{"start":{"line":1,"column":0},"end":{"line":1,"column":44}},"1":{"start":{"line":2,"column":0},"end":{"line":2,"column":47}},"2":{"start":{"line":3,"column":0},"end":{"line":3,"column":52}},"3":{"start":{"line":4,"column":0},"end":{"line":4,"column":52}},"4":{"start":{"line":8,"column":7},"end":{"line":20,"column":null}},"5":{"start":{"line":10,"column":4},"end":{"line":14,"column":7}},"6":{"start":{"line":18,"column":4},"end":{"line":18,"column":74}},"7":{"start":{"line":8,"column":13},"end":{"line":8,"column":24}},"8":{"start":{"line":8,"column":13},"end":{"line":20,"column":null}}},"fnMap":{"0":{"name":"(anonymous_2)","decl":{"start":{"line":9,"column":2},"end":{"line":9,"column":14}},"loc":{"start":{"line":9,"column":42},"end":{"line":15,"column":3}}},"1":{"name":"(anonymous_3)","decl":{"start":{"line":17,"column":2},"end":{"line":17,"column":7}},"loc":{"start":{"line":17,"column":36},"end":{"line":19,"column":3}}}},"branchMap":{},"s":{"0":0,"1":0,"2":0,"3":0,"4":0,"5":0,"6":0,"7":0,"8":0},"f":{"0":0,"1":0},"b":{}}
,"/Users/luisdavidducuaracadavid/Downloads/ENTREGA2/src/categories/categories.controller.ts": {"path":"/Users/luisdavidducuaracadavid/Downloads/ENTREGA2/src/categories/categories.controller.ts","statementMap":{"0":{"start":{"line":1,"column":0},"end":{"line":1,"column":94}},"1":{"start":{"line":2,"column":0},"end":{"line":2,"column":71}},"2":{"start":{"line":3,"column":0},"end":{"line":3,"column":63}},"3":{"start":{"line":4,"column":0},"end":{"line":4,"column":61}},"4":{"start":{"line":5,"column":0},"end":{"line":5,"column":48}},"5":{"start":{"line":6,"column":0},"end":{"line":6,"column":57}},"6":{"start":{"line":7,"column":0},"end":{"line":7,"column":62}},"7":{"start":{"line":8,"column":0},"end":{"line":8,"column":62}},"8":{"start":{"line":14,"column":7},"end":{"line":51,"column":null}},"9":{"start":{"line":15,"column":31},"end":{"line":15,"column":50}},"10":{"start":{"line":21,"column":4},"end":{"line":21,"column":47}},"11":{"start":{"line":28,"column":4},"end":{"line":28,"column":44}},"12":{"start":{"line":35,"column":4},"end":{"line":35,"column":47}},"13":{"start":{"line":42,"column":4},"end":{"line":42,"column":51}},"14":{"start":{"line":49,"column":4},"end":{"line":49,"column":45}},"15":{"start":{"line":14,"column":13},"end":{"line":14,"column":33}},"16":{"start":{"line":20,"column":2},"end":{"line":22,"column":null}},"17":{"start":{"line":27,"column":2},"end":{"line":29,"column":null}},"18":{"start":{"line":34,"column":2},"end":{"line":36,"column":null}},"19":{"start":{"line":41,"column":2},"end":{"line":43,"column":null}},"20":{"start":{"line":48,"column":2},"end":{"line":50,"column":null}},"21":{"start":{"line":14,"column":13},"end":{"line":51,"column":null}}},"fnMap":{"0":{"name":"(anonymous_4)","decl":{"start":{"line":15,"column":2},"end":{"line":15,"column":31}},"loc":{"start":{"line":15,"column":67},"end":{"line":15,"column":71}}},"1":{"name":"(anonymous_5)","decl":{"start":{"line":20,"column":2},"end":{"line":20,"column":8}},"loc":{"start":{"line":20,"column":40},"end":{"line":22,"column":3}}},"2":{"name":"(anonymous_6)","decl":{"start":{"line":27,"column":2},"end":{"line":27,"column":9}},"loc":{"start":{"line":27,"column":9},"end":{"line":29,"column":3}}},"3":{"name":"(anonymous_7)","decl":{"start":{"line":34,"column":2},"end":{"line":34,"column":9}},"loc":{"start":{"line":34,"column":33},"end":{"line":36,"column":3}}},"4":{"name":"(anonymous_8)","decl":{"start":{"line":41,"column":2},"end":{"line":41,"column":8}},"loc":{"start":{"line":41,"column":65},"end":{"line":43,"column":3}}},"5":{"name":"(anonymous_9)","decl":{"start":{"line":48,"column":2},"end":{"line":48,"column":8}},"loc":{"start":{"line":48,"column":32},"end":{"line":50,"column":3}}}},"branchMap":{},"s":{"0":0,"1":0,"2":0,"3":0,"4":0,"5":0,"6":0,"7":0,"8":0,"9":0,"10":0,"11":0,"12":0,"13":0,"14":0,"15":0,"16":0,"17":0,"18":0,"19":0,"20":0,"21":0},"f":{"0":0,"1":0,"2":0,"3":0,"4":0,"5":0},"b":{}}
,"/Users/luisdavidducuaracadavid/Downloads/ENTREGA2/src/categories/categories.module.ts": {"path":"/Users/luisdavidducuaracadavid/Downloads/ENTREGA2/src/categories/categories.module.ts","statementMap":{"0":{"start":{"line":1,"column":0},"end":{"line":1,"column":40}},"1":{"start":{"line":2,"column":0},"end":{"line":2,"column":48}},"2":{"start":{"line":3,"column":0},"end":{"line":3,"column":45}},"3":{"start":{"line":4,"column":0},"end":{"line":4,"column":63}},"4":{"start":{"line":5,"column":0},"end":{"line":5,"column":57}},"5":{"start":{"line":13,"column":7},"end":{"line":13,"column":null}},"6":{"start":{"line":13,"column":13},"end":{"line":13,"column":29}},"7":{"start":{"line":13,"column":13},"end":{"line":13,"column":null}}},"fnMap":{},"branchMap":{},"s":{"0":0,"1":0,"2":0,"3":0,"4":0,"5":0,"6":0,"7":0},"f":{},"b":{}}
,"/Users/luisdavidducuaracadavid/Downloads/ENTREGA2/src/categories/categories.service.ts": {"path":"/Users/luisdavidducuaracadavid/Downloads/ENTREGA2/src/categories/categories.service.ts","statementMap":{"0":{"start":{"line":1,"column":0},"end":{"line":1,"column":84}},"1":{"start":{"line":2,"column":0},"end":{"line":2,"column":51}},"2":{"start":{"line":3,"column":0},"end":{"line":3,"column":37}},"3":{"start":{"line":4,"column":0},"end":{"line":4,"column":45}},"4":{"start":{"line":9,"column":7},"end":{"line":47,"column":null}},"5":{"start":{"line":12,"column":21},"end":{"line":12,"column":43}},"6":{"start":{"line":16,"column":19},"end":{"line":16,"column":90}},"7":{"start":{"line":17,"column":4},"end":{"line":17,"column":69}},"8":{"start":{"line":17,"column":16},"end":{"line":17,"column":69}},"9":{"start":{"line":18,"column":21},"end":{"line":18,"column":59}},"10":{"start":{"line":19,"column":4},"end":{"line":19,"column":52}},"11":{"start":{"line":23,"column":4},"end":{"line":23,"column":70}},"12":{"start":{"line":27,"column":21},"end":{"line":27,"column":79}},"13":{"start":{"line":28,"column":4},"end":{"line":28,"column":74}},"14":{"start":{"line":28,"column":19},"end":{"line":28,"column":74}},"15":{"start":{"line":29,"column":4},"end":{"line":29,"column":20}},"16":{"start":{"line":33,"column":21},"end":{"line":33,"column":44}},"17":{"start":{"line":34,"column":4},"end":{"line":37,"column":5}},"18":{"start":{"line":35,"column":21},"end":{"line":35,"column":92}},"19":{"start":{"line":36,"column":6},"end":{"line":36,"column":67}},"20":{"start":{"line":36,"column":18},"end":{"line":36,"column":67}},"21":{"start":{"line":38,"column":4},"end":{"line":38,"column":34}},"22":{"start":{"line":39,"column":4},"end":{"line":39,"column":52}},"23":{"start":{"line":43,"column":21},"end":{"line":43,"column":44}},"24":{"start":{"line":44,"column":4},"end":{"line":44,"column":53}},"25":{"start":{"line":45,"column":4},"end":{"line":45,"column":18}},"26":{"start":{"line":9,"column":13},"end":{"line":9,"column":30}},"27":{"start":{"line":9,"column":13},"end":{"line":47,"column":null}}},"fnMap":{"0":{"name":"(anonymous_4)","decl":{"start":{"line":10,"column":2},"end":{"line":10,"column":null}},"loc":{"start":{"line":12,"column":63},"end":{"line":13,"column":6}}},"1":{"name":"(anonymous_5)","decl":{"start":{"line":15,"column":2},"end":{"line":15,"column":7}},"loc":{"start":{"line":15,"column":38},"end":{"line":20,"column":3}}},"2":{"name":"(anonymous_6)","decl":{"start":{"line":22,"column":2},"end":{"line":22,"column":9}},"loc":{"start":{"line":22,"column":9},"end":{"line":24,"column":3}}},"3":{"name":"(anonymous_7)","decl":{"start":{"line":26,"column":2},"end":{"line":26,"column":7}},"loc":{"start":{"line":26,"column":27},"end":{"line":30,"column":3}}},"4":{"name":"(anonymous_8)","decl":{"start":{"line":32,"column":2},"end":{"line":32,"column":7}},"loc":{"start":{"line":32,"column":50},"end":{"line":40,"column":3}}},"5":{"name":"(anonymous_9)","decl":{"start":{"line":42,"column":2},"end":{"line":42,"column":7}},"loc":{"start":{"line":42,"column":25},"end":{"line":46,"column":3}}}},"branchMap":{"0":{"loc":{"start":{"line":17,"column":4},"end":{"line":17,"column":69}},"type":"if","locations":[{"start":{"line":17,"column":4},"end":{"line":17,"column":69}}]},"1":{"loc":{"start":{"line":28,"column":4},"end":{"line":28,"column":74}},"type":"if","locations":[{"start":{"line":28,"column":4},"end":{"line":28,"column":74}}]},"2":{"loc":{"start":{"line":34,"column":4},"end":{"line":37,"column":5}},"type":"if","locations":[{"start":{"line":34,"column":4},"end":{"line":37,"column":5}}]},"3":{"loc":{"start":{"line":34,"column":8},"end":{"line":34,"column":48}},"type":"binary-expr","locations":[{"start":{"line":34,"column":8},"end":{"line":34,"column":17}},{"start":{"line":34,"column":21},"end":{"line":34,"column":48}}]},"4":{"loc":{"start":{"line":36,"column":6},"end":{"line":36,"column":67}},"type":"if","locations":[{"start":{"line":36,"column":6},"end":{"line":36,"column":67}}]}},"s":{"0":1,"1":1,"2":1,"3":1,"4":1,"5":0,"6":0,"7":0,"8":0,"9":0,"10":0,"11":0,"12":0,"13":0,"14":0,"15":0,"16":0,"17":0,"18":0,"19":0,"20":0,"21":0,"22":0,"23":0,"24":0,"25":0,"26":1,"27":1},"f":{"0":0,"1":0,"2":0,"3":0,"4":0,"5":0},"b":{"0":[0],"1":[0],"2":[0],"3":[0,0],"4":[0]}}
,"/Users/luisdavidducuaracadavid/Downloads/ENTREGA2/src/categories/category.entity.ts": {"path":"/Users/luisdavidducuaracadavid/Downloads/ENTREGA2/src/categories/category.entity.ts","statementMap":{"0":{"start":{"line":1,"column":0},"end":{"line":1,"column":null}},"1":{"start":{"line":9,"column":0},"end":{"line":9,"column":50}},"2":{"start":{"line":12,"column":7},"end":{"line":30,"column":null}},"3":{"start":{"line":12,"column":13},"end":{"line":12,"column":21}},"4":{"start":{"line":14,"column":2},"end":{"line":14,"column":null}},"5":{"start":{"line":17,"column":2},"end":{"line":17,"column":null}},"6":{"start":{"line":20,"column":2},"end":{"line":20,"column":null}},"7":{"start":{"line":23,"column":2},"end":{"line":23,"column":null}},"8":{"start":{"line":22,"column":19},"end":{"line":22,"column":25}},"9":{"start":{"line":22,"column":39},"end":{"line":22,"column":54}},"10":{"start":{"line":26,"column":2},"end":{"line":26,"column":null}},"11":{"start":{"line":29,"column":2},"end":{"line":29,"column":null}},"12":{"start":{"line":12,"column":13},"end":{"line":30,"column":null}}},"fnMap":{"0":{"name":"(anonymous_2)","decl":{"start":{"line":22,"column":13},"end":{"line":22,"column":16}},"loc":{"start":{"line":22,"column":19},"end":{"line":22,"column":25}}},"1":{"name":"(anonymous_3)","decl":{"start":{"line":22,"column":27},"end":{"line":22,"column":28}},"loc":{"start":{"line":22,"column":39},"end":{"line":22,"column":54}}}},"branchMap":{},"s":{"0":1,"1":1,"2":1,"3":1,"4":1,"5":1,"6":1,"7":1,"8":0,"9":0,"10":1,"11":1,"12":1},"f":{"0":0,"1":0},"b":{}}
,"/Users/luisdavidducuaracadavid/Downloads/ENTREGA2/src/categories/dto/create-category.dto.ts": {"path":"/Users/luisdavidducuaracadavid/Downloads/ENTREGA2/src/categories/dto/create-category.dto.ts","statementMap":{"0":{"start":{"line":1,"column":0},"end":{"line":1,"column":67}},"1":{"start":{"line":2,"column":0},"end":{"line":2,"column":57}},"2":{"start":{"line":4,"column":0},"end":{"line":4,"column":13}},"3":{"start":{"line":7,"column":2},"end":{"line":7,"column":null}},"4":{"start":{"line":11,"column":2},"end":{"line":11,"column":null}}},"fnMap":{},"branchMap":{},"s":{"0":0,"1":0,"2":0,"3":0,"4":0},"f":{},"b":{}}
,"/Users/luisdavidducuaracadavid/Downloads/ENTREGA2/src/categories/dto/update-category.dto.ts": {"path":"/Users/luisdavidducuaracadavid/Downloads/ENTREGA2/src/categories/dto/update-category.dto.ts","statementMap":{"0":{"start":{"line":1,"column":0},"end":{"line":1,"column":54}},"1":{"start":{"line":2,"column":0},"end":{"line":2,"column":45}},"2":{"start":{"line":4,"column":0},"end":{"line":4,"column":13}},"3":{"start":{"line":7,"column":2},"end":{"line":7,"column":null}},"4":{"start":{"line":11,"column":2},"end":{"line":11,"column":null}}},"fnMap":{},"branchMap":{},"s":{"0":0,"1":0,"2":0,"3":0,"4":0},"f":{},"b":{}}
,"/Users/luisdavidducuaracadavid/Downloads/ENTREGA2/src/clients/client.entity.ts": {"path":"/Users/luisdavidducuaracadavid/Downloads/ENTREGA2/src/clients/client.entity.ts","statementMap":{"0":{"start":{"line":1,"column":0},"end":{"line":1,"column":null}},"1":{"start":{"line":11,"column":0},"end":{"line":11,"column":50}},"2":{"start":{"line":12,"column":0},"end":{"line":12,"column":44}},"3":{"start":{"line":15,"column":7},"end":{"line":40,"column":null}},"4":{"start":{"line":15,"column":13},"end":{"line":15,"column":19}},"5":{"start":{"line":17,"column":2},"end":{"line":17,"column":null}},"6":{"start":{"line":20,"column":2},"end":{"line":20,"column":null}},"7":{"start":{"line":23,"column":2},"end":{"line":23,"column":null}},"8":{"start":{"line":26,"column":2},"end":{"line":26,"column":null}},"9":{"start":{"line":30,"column":2},"end":{"line":30,"column":null}},"10":{"start":{"line":28,"column":18},"end":{"line":28,"column":22}},"11":{"start":{"line":33,"column":2},"end":{"line":33,"column":null}},"12":{"start":{"line":32,"column":19},"end":{"line":32,"column":25}},"13":{"start":{"line":32,"column":39},"end":{"line":32,"column":52}},"14":{"start":{"line":36,"column":2},"end":{"line":36,"column":null}},"15":{"start":{"line":39,"column":2},"end":{"line":39,"column":null}},"16":{"start":{"line":15,"column":13},"end":{"line":40,"column":null}}},"fnMap":{"0":{"name":"(anonymous_2)","decl":{"start":{"line":28,"column":12},"end":{"line":28,"column":15}},"loc":{"start":{"line":28,"column":18},"end":{"line":28,"column":22}}},"1":{"name":"(anonymous_3)","decl":{"start":{"line":32,"column":13},"end":{"line":32,"column":16}},"loc":{"start":{"line":32,"column":19},"end":{"line":32,"column":25}}},"2":{"name":"(anonymous_4)","decl":{"start":{"line":32,"column":27},"end":{"line":32,"column":28}},"loc":{"start":{"line":32,"column":39},"end":{"line":32,"column":52}}}},"branchMap":{},"s":{"0":1,"1":1,"2":1,"3":1,"4":1,"5":1,"6":1,"7":1,"8":1,"9":1,"10":0,"11":1,"12":0,"13":0,"14":1,"15":1,"16":1},"f":{"0":0,"1":0,"2":0},"b":{}}
,"/Users/luisdavidducuaracadavid/Downloads/ENTREGA2/src/clients/clients.controller.ts": {"path":"/Users/luisdavidducuaracadavid/Downloads/ENTREGA2/src/clients/clients.controller.ts","statementMap":{"0":{"start":{"line":1,"column":0},"end":{"line":1,"column":94}},"1":{"start":{"line":2,"column":0},"end":{"line":2,"column":71}},"2":{"start":{"line":3,"column":0},"end":{"line":3,"column":63}},"3":{"start":{"line":4,"column":0},"end":{"line":4,"column":61}},"4":{"start":{"line":5,"column":0},"end":{"line":5,"column":48}},"5":{"start":{"line":6,"column":0},"end":{"line":6,"column":58}},"6":{"start":{"line":7,"column":0},"end":{"line":7,"column":51}},"7":{"start":{"line":8,"column":0},"end":{"line":8,"column":58}},"8":{"start":{"line":14,"column":7},"end":{"line":51,"column":null}},"9":{"start":{"line":15,"column":31},"end":{"line":15,"column":47}},"10":{"start":{"line":21,"column":4},"end":{"line":21,"column":41}},"11":{"start":{"line":28,"column":4},"end":{"line":28,"column":44}},"12":{"start":{"line":35,"column":4},"end":{"line":35,"column":44}},"13":{"start":{"line":42,"column":4},"end":{"line":42,"column":48}},"14":{"start":{"line":49,"column":4},"end":{"line":49,"column":42}},"15":{"start":{"line":14,"column":13},"end":{"line":14,"column":30}},"16":{"start":{"line":20,"column":2},"end":{"line":22,"column":null}},"17":{"start":{"line":27,"column":2},"end":{"line":29,"column":null}},"18":{"start":{"line":34,"column":2},"end":{"line":36,"column":null}},"19":{"start":{"line":41,"column":2},"end":{"line":43,"column":null}},"20":{"start":{"line":48,"column":2},"end":{"line":50,"column":null}},"21":{"start":{"line":14,"column":13},"end":{"line":51,"column":null}}},"fnMap":{"0":{"name":"(anonymous_4)","decl":{"start":{"line":15,"column":2},"end":{"line":15,"column":31}},"loc":{"start":{"line":15,"column":61},"end":{"line":15,"column":65}}},"1":{"name":"(anonymous_5)","decl":{"start":{"line":20,"column":2},"end":{"line":20,"column":9}},"loc":{"start":{"line":20,"column":9},"end":{"line":22,"column":3}}},"2":{"name":"(anonymous_6)","decl":{"start":{"line":27,"column":2},"end":{"line":27,"column":8}},"loc":{"start":{"line":27,"column":38},"end":{"line":29,"column":3}}},"3":{"name":"(anonymous_7)","decl":{"start":{"line":34,"column":2},"end":{"line":34,"column":9}},"loc":{"start":{"line":34,"column":33},"end":{"line":36,"column":3}}},"4":{"name":"(anonymous_8)","decl":{"start":{"line":41,"column":2},"end":{"line":41,"column":8}},"loc":{"start":{"line":41,"column":63},"end":{"line":43,"column":3}}},"5":{"name":"(anonymous_9)","decl":{"start":{"line":48,"column":2},"end":{"line":48,"column":8}},"loc":{"start":{"line":48,"column":32},"end":{"line":50,"column":3}}}},"branchMap":{},"s":{"0":0,"1":0,"2":0,"3":0,"4":0,"5":0,"6":0,"7":0,"8":0,"9":0,"10":0,"11":0,"12":0,"13":0,"14":0,"15":0,"16":0,"17":0,"18":0,"19":0,"20":0,"21":0},"f":{"0":0,"1":0,"2":0,"3":0,"4":0,"5":0},"b":{}}
,"/Users/luisdavidducuaracadavid/Downloads/ENTREGA2/src/clients/clients.module.ts": {"path":"/Users/luisdavidducuaracadavid/Downloads/ENTREGA2/src/clients/clients.module.ts","statementMap":{"0":{"start":{"line":1,"column":0},"end":{"line":1,"column":40}},"1":{"start":{"line":2,"column":0},"end":{"line":2,"column":48}},"2":{"start":{"line":3,"column":0},"end":{"line":3,"column":57}},"3":{"start":{"line":4,"column":0},"end":{"line":4,"column":41}},"4":{"start":{"line":5,"column":0},"end":{"line":5,"column":51}},"5":{"start":{"line":6,"column":0},"end":{"line":6,"column":44}},"6":{"start":{"line":14,"column":7},"end":{"line":14,"column":null}},"7":{"start":{"line":14,"column":13},"end":{"line":14,"column":26}},"8":{"start":{"line":14,"column":13},"end":{"line":14,"column":null}}},"fnMap":{},"branchMap":{},"s":{"0":0,"1":0,"2":0,"3":0,"4":0,"5":0,"6":0,"7":0,"8":0},"f":{},"b":{}}
,"/Users/luisdavidducuaracadavid/Downloads/ENTREGA2/src/clients/clients.service.ts": {"path":"/Users/luisdavidducuaracadavid/Downloads/ENTREGA2/src/clients/clients.service.ts","statementMap":{"0":{"start":{"line":1,"column":0},"end":{"line":1,"column":84}},"1":{"start":{"line":2,"column":0},"end":{"line":2,"column":51}},"2":{"start":{"line":3,"column":0},"end":{"line":3,"column":37}},"3":{"start":{"line":5,"column":0},"end":{"line":5,"column":41}},"4":{"start":{"line":6,"column":0},"end":{"line":6,"column":54}},"5":{"start":{"line":10,"column":7},"end":{"line":87,"column":null}},"6":{"start":{"line":13,"column":21},"end":{"line":13,"column":40}},"7":{"start":{"line":15,"column":21},"end":{"line":15,"column":38}},"8":{"start":{"line":19,"column":21},"end":{"line":21,"column":6}},"9":{"start":{"line":22,"column":4},"end":{"line":22,"column":69}},"10":{"start":{"line":22,"column":18},"end":{"line":22,"column":69}},"11":{"start":{"line":24,"column":4},"end":{"line":26,"column":5}},"12":{"start":{"line":25,"column":6},"end":{"line":25,"column":73}},"13":{"start":{"line":28,"column":17},"end":{"line":28,"column":83}},"14":{"start":{"line":29,"column":4},"end":{"line":29,"column":70}},"15":{"start":{"line":29,"column":15},"end":{"line":29,"column":70}},"16":{"start":{"line":30,"column":4},"end":{"line":30,"column":100}},"17":{"start":{"line":30,"column":39},"end":{"line":30,"column":100}},"18":{"start":{"line":32,"column":19},"end":{"line":37,"column":6}},"19":{"start":{"line":38,"column":4},"end":{"line":38,"column":47}},"20":{"start":{"line":42,"column":4},"end":{"line":45,"column":7}},"21":{"start":{"line":49,"column":19},"end":{"line":52,"column":6}},"22":{"start":{"line":53,"column":4},"end":{"line":53,"column":70}},"23":{"start":{"line":53,"column":17},"end":{"line":53,"column":70}},"24":{"start":{"line":54,"column":4},"end":{"line":54,"column":18}},"25":{"start":{"line":58,"column":19},"end":{"line":58,"column":42}},"26":{"start":{"line":60,"column":4},"end":{"line":65,"column":5}},"27":{"start":{"line":61,"column":21},"end":{"line":63,"column":8}},"28":{"start":{"line":64,"column":6},"end":{"line":64,"column":78}},"29":{"start":{"line":64,"column":18},"end":{"line":64,"column":78}},"30":{"start":{"line":67,"column":4},"end":{"line":72,"column":5}},"31":{"start":{"line":68,"column":19},"end":{"line":68,"column":85}},"32":{"start":{"line":69,"column":6},"end":{"line":69,"column":72}},"33":{"start":{"line":69,"column":17},"end":{"line":69,"column":72}},"34":{"start":{"line":70,"column":6},"end":{"line":70,"column":102}},"35":{"start":{"line":70,"column":41},"end":{"line":70,"column":102}},"36":{"start":{"line":71,"column":6},"end":{"line":71,"column":25}},"37":{"start":{"line":74,"column":4},"end":{"line":78,"column":7}},"38":{"start":{"line":79,"column":4},"end":{"line":79,"column":47}},"39":{"start":{"line":83,"column":19},"end":{"line":83,"column":42}},"40":{"start":{"line":84,"column":4},"end":{"line":84,"column":48}},"41":{"start":{"line":85,"column":4},"end":{"line":85,"column":18}},"42":{"start":{"line":10,"column":13},"end":{"line":10,"column":27}},"43":{"start":{"line":10,"column":13},"end":{"line":87,"column":null}}},"fnMap":{"0":{"name":"(anonymous_4)","decl":{"start":{"line":11,"column":2},"end":{"line":11,"column":null}},"loc":{"start":{"line":15,"column":54},"end":{"line":16,"column":6}}},"1":{"name":"(anonymous_5)","decl":{"start":{"line":18,"column":2},"end":{"line":18,"column":7}},"loc":{"start":{"line":18,"column":36},"end":{"line":39,"column":3}}},"2":{"name":"(anonymous_6)","decl":{"start":{"line":41,"column":2},"end":{"line":41,"column":9}},"loc":{"start":{"line":41,"column":9},"end":{"line":46,"column":3}}},"3":{"name":"(anonymous_7)","decl":{"start":{"line":48,"column":2},"end":{"line":48,"column":7}},"loc":{"start":{"line":48,"column":27},"end":{"line":55,"column":3}}},"4":{"name":"(anonymous_8)","decl":{"start":{"line":57,"column":2},"end":{"line":57,"column":7}},"loc":{"start":{"line":57,"column":48},"end":{"line":80,"column":3}}},"5":{"name":"(anonymous_9)","decl":{"start":{"line":82,"column":2},"end":{"line":82,"column":7}},"loc":{"start":{"line":82,"column":25},"end":{"line":86,"column":3}}}},"branchMap":{"0":{"loc":{"start":{"line":22,"column":4},"end":{"line":22,"column":69}},"type":"if","locations":[{"start":{"line":22,"column":4},"end":{"line":22,"column":69}}]},"1":{"loc":{"start":{"line":24,"column":4},"end":{"line":26,"column":5}},"type":"if","locations":[{"start":{"line":24,"column":4},"end":{"line":26,"column":5}}]},"2":{"loc":{"start":{"line":29,"column":4},"end":{"line":29,"column":70}},"type":"if","locations":[{"start":{"line":29,"column":4},"end":{"line":29,"column":70}}]},"3":{"loc":{"start":{"line":30,"column":4},"end":{"line":30,"column":100}},"type":"if","locations":[{"start":{"line":30,"column":4},"end":{"line":30,"column":100}}]},"4":{"loc":{"start":{"line":53,"column":4},"end":{"line":53,"column":70}},"type":"if","locations":[{"start":{"line":53,"column":4},"end":{"line":53,"column":70}}]},"5":{"loc":{"start":{"line":60,"column":4},"end":{"line":65,"column":5}},"type":"if","locations":[{"start":{"line":60,"column":4},"end":{"line":65,"column":5}}]},"6":{"loc":{"start":{"line":60,"column":8},"end":{"line":60,"column":70}},"type":"binary-expr","locations":[{"start":{"line":60,"column":8},"end":{"line":60,"column":25}},{"start":{"line":60,"column":29},"end":{"line":60,"column":70}}]},"7":{"loc":{"start":{"line":64,"column":6},"end":{"line":64,"column":78}},"type":"if","locations":[{"start":{"line":64,"column":6},"end":{"line":64,"column":78}}]},"8":{"loc":{"start":{"line":67,"column":4},"end":{"line":72,"column":5}},"type":"if","locations":[{"start":{"line":67,"column":4},"end":{"line":72,"column":5}}]},"9":{"loc":{"start":{"line":67,"column":8},"end":{"line":67,"column":53}},"type":"binary-expr","locations":[{"start":{"line":67,"column":8},"end":{"line":67,"column":19}},{"start":{"line":67,"column":23},"end":{"line":67,"column":53}}]},"10":{"loc":{"start":{"line":69,"column":6},"end":{"line":69,"column":72}},"type":"if","locations":[{"start":{"line":69,"column":6},"end":{"line":69,"column":72}}]},"11":{"loc":{"start":{"line":70,"column":6},"end":{"line":70,"column":102}},"type":"if","locations":[{"start":{"line":70,"column":6},"end":{"line":70,"column":102}}]},"12":{"loc":{"start":{"line":75,"column":12},"end":{"line":75,"column":36}},"type":"cond-expr","locations":[{"start":{"line":75,"column":21},"end":{"line":75,"column":25}},{"start":{"line":75,"column":25},"end":{"line":75,"column":36}}]},"13":{"loc":{"start":{"line":75,"column":12},"end":{"line":75,"column":25}},"type":"binary-expr","locations":[{"start":{"line":75,"column":12},"end":{"line":75,"column":25}},{"start":{"line":75,"column":21},"end":{"line":75,"column":25}}]},"14":{"loc":{"start":{"line":76,"column":15},"end":{"line":76,"column":45}},"type":"cond-expr","locations":[{"start":{"line":76,"column":27},"end":{"line":76,"column":31}},{"start":{"line":76,"column":31},"end":{"line":76,"column":45}}]},"15":{"loc":{"start":{"line":76,"column":15},"end":{"line":76,"column":31}},"type":"binary-expr","locations":[{"start":{"line":76,"column":15},"end":{"line":76,"column":31}},{"start":{"line":76,"column":27},"end":{"line":76,"column":31}}]},"16":{"loc":{"start":{"line":77,"column":20},"end":{"line":77,"column":60}},"type":"cond-expr","locations":[{"start":{"line":77,"column":37},"end":{"line":77,"column":41}},{"start":{"line":77,"column":41},"end":{"line":77,"column":60}}]},"17":{"loc":{"start":{"line":77,"column":20},"end":{"line":77,"column":41}},"type":"binary-expr","locations":[{"start":{"line":77,"column":20},"end":{"line":77,"column":41}},{"start":{"line":77,"column":37},"end":{"line":77,"column":41}}]}},"s":{"0":1,"1":1,"2":1,"3":1,"4":1,"5":1,"6":0,"7":0,"8":0,"9":0,"10":0,"11":0,"12":0,"13":0,"14":0,"15":0,"16":0,"17":0,"18":0,"19":0,"20":0,"21":0,"22":0,"23":0,"24":0,"25":0,"26":0,"27":0,"28":0,"29":0,"30":0,"31":0,"32":0,"33":0,"34":0,"35":0,"36":0,"37":0,"38":0,"39":0,"40":0,"41":0,"42":1,"43":1},"f":{"0":0,"1":0,"2":0,"3":0,"4":0,"5":0},"b":{"0":[0],"1":[0],"2":[0],"3":[0],"4":[0],"5":[0],"6":[0,0],"7":[0],"8":[0],"9":[0,0],"10":[0],"11":[0],"12":[0,0],"13":[0,0],"14":[0,0],"15":[0,0],"16":[0,0],"17":[0,0]}}
,"/Users/luisdavidducuaracadavid/Downloads/ENTREGA2/src/clients/dto/create-client.dto.ts": {"path":"/Users/luisdavidducuaracadavid/Downloads/ENTREGA2/src/clients/dto/create-client.dto.ts","statementMap":{"0":{"start":{"line":1,"column":0},"end":{"line":1,"column":74}},"1":{"start":{"line":2,"column":0},"end":{"line":2,"column":67}},"2":{"start":{"line":4,"column":0},"end":{"line":4,"column":13}},"3":{"start":{"line":7,"column":2},"end":{"line":7,"column":null}},"4":{"start":{"line":11,"column":2},"end":{"line":11,"column":null}},"5":{"start":{"line":15,"column":2},"end":{"line":15,"column":null}},"6":{"start":{"line":20,"column":2},"end":{"line":20,"column":null}}},"fnMap":{},"branchMap":{},"s":{"0":0,"1":0,"2":0,"3":0,"4":0,"5":0,"6":0},"f":{},"b":{}}
,"/Users/luisdavidducuaracadavid/Downloads/ENTREGA2/src/clients/dto/update-client.dto.ts": {"path":"/Users/luisdavidducuaracadavid/Downloads/ENTREGA2/src/clients/dto/update-client.dto.ts","statementMap":{"0":{"start":{"line":1,"column":0},"end":{"line":1,"column":54}},"1":{"start":{"line":2,"column":0},"end":{"line":2,"column":72}},"2":{"start":{"line":4,"column":0},"end":{"line":4,"column":13}},"3":{"start":{"line":8,"column":2},"end":{"line":8,"column":null}},"4":{"start":{"line":13,"column":2},"end":{"line":13,"column":null}},"5":{"start":{"line":18,"column":2},"end":{"line":18,"column":null}},"6":{"start":{"line":23,"column":2},"end":{"line":23,"column":null}}},"fnMap":{},"branchMap":{},"s":{"0":0,"1":0,"2":0,"3":0,"4":0,"5":0,"6":0},"f":{},"b":{}}
,"/Users/luisdavidducuaracadavid/Downloads/ENTREGA2/src/common/decorators/api-key.decorator.ts": {"path":"/Users/luisdavidducuaracadavid/Downloads/ENTREGA2/src/common/decorators/api-key.decorator.ts","statementMap":{"0":{"start":{"line":1,"column":0},"end":{"line":1,"column":45}},"1":{"start":{"line":3,"column":13},"end":{"line":3,"column":46}},"2":{"start":{"line":4,"column":31},"end":{"line":4,"column":66}},"3":{"start":{"line":4,"column":37},"end":{"line":4,"column":66}},"4":{"start":{"line":4,"column":13},"end":{"line":4,"column":31}}},"fnMap":{"0":{"name":"(anonymous_0)","decl":{"start":{"line":4,"column":31},"end":{"line":4,"column":34}},"loc":{"start":{"line":4,"column":37},"end":{"line":4,"column":66}}}},"branchMap":{},"s":{"0":0,"1":0,"2":0,"3":0,"4":0},"f":{"0":0},"b":{}}
,"/Users/luisdavidducuaracadavid/Downloads/ENTREGA2/src/common/decorators/current-user.decorator.ts": {"path":"/Users/luisdavidducuaracadavid/Downloads/ENTREGA2/src/common/decorators/current-user.decorator.ts","statementMap":{"0":{"start":{"line":1,"column":0},"end":{"line":1,"column":72}},"1":{"start":{"line":3,"column":13},"end":{"line":6,"column":3}},"2":{"start":{"line":4,"column":18},"end":{"line":4,"column":49}},"3":{"start":{"line":5,"column":2},"end":{"line":5,"column":22}}},"fnMap":{"0":{"name":"(anonymous_0)","decl":{"start":{"line":3,"column":48},"end":{"line":3,"column":49}},"loc":{"start":{"line":3,"column":89},"end":{"line":6,"column":1}}}},"branchMap":{},"s":{"0":0,"1":0,"2":0,"3":0},"f":{"0":0},"b":{}}
,"/Users/luisdavidducuaracadavid/Downloads/ENTREGA2/src/common/decorators/public.decorator.ts": {"path":"/Users/luisdavidducuaracadavid/Downloads/ENTREGA2/src/common/decorators/public.decorator.ts","statementMap":{"0":{"start":{"line":1,"column":0},"end":{"line":1,"column":45}},"1":{"start":{"line":3,"column":13},"end":{"line":3,"column":40}},"2":{"start":{"line":4,"column":22},"end":{"line":4,"column":60}},"3":{"start":{"line":4,"column":28},"end":{"line":4,"column":60}},"4":{"start":{"line":4,"column":13},"end":{"line":4,"column":22}}},"fnMap":{"0":{"name":"(anonymous_0)","decl":{"start":{"line":4,"column":22},"end":{"line":4,"column":25}},"loc":{"start":{"line":4,"column":28},"end":{"line":4,"column":60}}}},"branchMap":{},"s":{"0":0,"1":0,"2":0,"3":0,"4":0},"f":{"0":0},"b":{}}
,"/Users/luisdavidducuaracadavid/Downloads/ENTREGA2/src/common/decorators/roles.decorator.ts": {"path":"/Users/luisdavidducuaracadavid/Downloads/ENTREGA2/src/common/decorators/roles.decorator.ts","statementMap":{"0":{"start":{"line":1,"column":0},"end":{"line":1,"column":45}},"1":{"start":{"line":3,"column":13},"end":{"line":3,"column":33}},"2":{"start":{"line":6,"column":21},"end":{"line":6,"column":72}},"3":{"start":{"line":6,"column":43},"end":{"line":6,"column":72}},"4":{"start":{"line":6,"column":13},"end":{"line":6,"column":21}}},"fnMap":{"0":{"name":"(anonymous_0)","decl":{"start":{"line":6,"column":21},"end":{"line":6,"column":22}},"loc":{"start":{"line":6,"column":43},"end":{"line":6,"column":72}}}},"branchMap":{},"s":{"0":0,"1":0,"2":0,"3":0,"4":0},"f":{"0":0},"b":{}}
,"/Users/luisdavidducuaracadavid/Downloads/ENTREGA2/src/common/filters/http-exception.filter.ts": {"path":"/Users/luisdavidducuaracadavid/Downloads/ENTREGA2/src/common/filters/http-exception.filter.ts","statementMap":{"0":{"start":{"line":1,"column":0},"end":{"line":1,"column":null}},"1":{"start":{"line":10,"column":7},"end":{"line":27,"column":null}},"2":{"start":{"line":12,"column":16},"end":{"line":12,"column":35}},"3":{"start":{"line":13,"column":21},"end":{"line":13,"column":38}},"4":{"start":{"line":14,"column":20},"end":{"line":14,"column":36}},"5":{"start":{"line":16,"column":19},"end":{"line":16,"column":53}},"6":{"start":{"line":17,"column":19},"end":{"line":17,"column":84}},"7":{"start":{"line":18,"column":20},"end":{"line":18,"column":78}},"8":{"start":{"line":20,"column":4},"end":{"line":25,"column":7}},"9":{"start":{"line":10,"column":13},"end":{"line":10,"column":32}},"10":{"start":{"line":10,"column":13},"end":{"line":27,"column":null}}},"fnMap":{"0":{"name":"(anonymous_1)","decl":{"start":{"line":11,"column":2},"end":{"line":11,"column":7}},"loc":{"start":{"line":11,"column":47},"end":{"line":26,"column":3}}}},"branchMap":{"0":{"loc":{"start":{"line":17,"column":19},"end":{"line":17,"column":84}},"type":"cond-expr","locations":[{"start":{"line":17,"column":28},"end":{"line":17,"column":49}},{"start":{"line":17,"column":52},"end":{"line":17,"column":84}}]},"1":{"loc":{"start":{"line":18,"column":20},"end":{"line":18,"column":78}},"type":"cond-expr","locations":[{"start":{"line":18,"column":29},"end":{"line":18,"column":52}},{"start":{"line":18,"column":55},"end":{"line":18,"column":78}}]}},"s":{"0":0,"1":0,"2":0,"3":0,"4":0,"5":0,"6":0,"7":0,"8":0,"9":0,"10":0},"f":{"0":0},"b":{"0":[0,0],"1":[0,0]}}
,"/Users/luisdavidducuaracadavid/Downloads/ENTREGA2/src/common/guards/api-key.guard.ts": {"path":"/Users/luisdavidducuaracadavid/Downloads/ENTREGA2/src/common/guards/api-key.guard.ts","statementMap":{"0":{"start":{"line":1,"column":0},"end":{"line":1,"column":98}},"1":{"start":{"line":2,"column":0},"end":{"line":2,"column":47}},"2":{"start":{"line":3,"column":0},"end":{"line":3,"column":41}},"3":{"start":{"line":4,"column":0},"end":{"line":4,"column":61}},"4":{"start":{"line":7,"column":7},"end":{"line":27,"column":null}},"5":{"start":{"line":8,"column":31},"end":{"line":8,"column":42}},"6":{"start":{"line":8,"column":70},"end":{"line":8,"column":78}},"7":{"start":{"line":11,"column":24},"end":{"line":14,"column":6}},"8":{"start":{"line":15,"column":4},"end":{"line":15,"column":34}},"9":{"start":{"line":15,"column":22},"end":{"line":15,"column":34}},"10":{"start":{"line":17,"column":16},"end":{"line":17,"column":51}},"11":{"start":{"line":18,"column":25},"end":{"line":18,"column":71}},"12":{"start":{"line":19,"column":21},"end":{"line":19,"column":61}},"13":{"start":{"line":20,"column":4},"end":{"line":20,"column":77}},"14":{"start":{"line":20,"column":19},"end":{"line":20,"column":77}},"15":{"start":{"line":22,"column":4},"end":{"line":24,"column":5}},"16":{"start":{"line":23,"column":6},"end":{"line":23,"column":58}},"17":{"start":{"line":25,"column":4},"end":{"line":25,"column":16}},"18":{"start":{"line":7,"column":13},"end":{"line":7,"column":24}},"19":{"start":{"line":7,"column":13},"end":{"line":27,"column":null}}},"fnMap":{"0":{"name":"(anonymous_2)","decl":{"start":{"line":8,"column":2},"end":{"line":8,"column":31}},"loc":{"start":{"line":8,"column":91},"end":{"line":8,"column":95}}},"1":{"name":"(anonymous_3)","decl":{"start":{"line":10,"column":2},"end":{"line":10,"column":13}},"loc":{"start":{"line":10,"column":39},"end":{"line":26,"column":3}}}},"branchMap":{"0":{"loc":{"start":{"line":15,"column":4},"end":{"line":15,"column":34}},"type":"if","locations":[{"start":{"line":15,"column":4},"end":{"line":15,"column":34}}]},"1":{"loc":{"start":{"line":20,"column":4},"end":{"line":20,"column":77}},"type":"if","locations":[{"start":{"line":20,"column":4},"end":{"line":20,"column":77}}]},"2":{"loc":{"start":{"line":22,"column":4},"end":{"line":24,"column":5}},"type":"if","locations":[{"start":{"line":22,"column":4},"end":{"line":24,"column":5}}]},"3":{"loc":{"start":{"line":22,"column":8},"end":{"line":22,"column":50}},"type":"binary-expr","locations":[{"start":{"line":22,"column":8},"end":{"line":22,"column":21}},{"start":{"line":22,"column":25},"end":{"line":22,"column":50}}]}},"s":{"0":0,"1":0,"2":0,"3":0,"4":0,"5":0,"6":0,"7":0,"8":0,"9":0,"10":0,"11":0,"12":0,"13":0,"14":0,"15":0,"16":0,"17":0,"18":0,"19":0},"f":{"0":0,"1":0},"b":{"0":[0],"1":[0],"2":[0],"3":[0,0]}}
,"/Users/luisdavidducuaracadavid/Downloads/ENTREGA2/src/common/guards/jwt-auth.guard.ts": {"path":"/Users/luisdavidducuaracadavid/Downloads/ENTREGA2/src/common/guards/jwt-auth.guard.ts","statementMap":{"0":{"start":{"line":1,"column":0},"end":{"line":1,"column":62}},"1":{"start":{"line":2,"column":0},"end":{"line":2,"column":41}},"2":{"start":{"line":3,"column":0},"end":{"line":3,"column":45}},"3":{"start":{"line":4,"column":0},"end":{"line":4,"column":63}},"4":{"start":{"line":7,"column":7},"end":{"line":20,"column":null}},"5":{"start":{"line":9,"column":4},"end":{"line":9,"column":12}},"6":{"start":{"line":8,"column":31},"end":{"line":8,"column":42}},"7":{"start":{"line":13,"column":21},"end":{"line":16,"column":6}},"8":{"start":{"line":17,"column":4},"end":{"line":17,"column":30}},"9":{"start":{"line":17,"column":18},"end":{"line":17,"column":30}},"10":{"start":{"line":18,"column":4},"end":{"line":18,"column":38}},"11":{"start":{"line":7,"column":13},"end":{"line":7,"column":25}},"12":{"start":{"line":7,"column":13},"end":{"line":20,"column":null}}},"fnMap":{"0":{"name":"(anonymous_2)","decl":{"start":{"line":8,"column":2},"end":{"line":8,"column":31}},"loc":{"start":{"line":8,"column":51},"end":{"line":10,"column":3}}},"1":{"name":"(anonymous_3)","decl":{"start":{"line":12,"column":2},"end":{"line":12,"column":13}},"loc":{"start":{"line":12,"column":39},"end":{"line":19,"column":3}}}},"branchMap":{"0":{"loc":{"start":{"line":17,"column":4},"end":{"line":17,"column":30}},"type":"if","locations":[{"start":{"line":17,"column":4},"end":{"line":17,"column":30}}]}},"s":{"0":0,"1":0,"2":0,"3":0,"4":0,"5":0,"6":0,"7":0,"8":0,"9":0,"10":0,"11":0,"12":0},"f":{"0":0,"1":0},"b":{"0":[0]}}
,"/Users/luisdavidducuaracadavid/Downloads/ENTREGA2/src/common/guards/roles.guard.ts": {"path":"/Users/luisdavidducuaracadavid/Downloads/ENTREGA2/src/common/guards/roles.guard.ts","statementMap":{"0":{"start":{"line":1,"column":0},"end":{"line":1,"column":75}},"1":{"start":{"line":2,"column":0},"end":{"line":2,"column":41}},"2":{"start":{"line":3,"column":0},"end":{"line":3,"column":64}},"3":{"start":{"line":6,"column":7},"end":{"line":23,"column":null}},"4":{"start":{"line":7,"column":31},"end":{"line":7,"column":42}},"5":{"start":{"line":10,"column":26},"end":{"line":13,"column":6}},"6":{"start":{"line":15,"column":4},"end":{"line":17,"column":5}},"7":{"start":{"line":16,"column":6},"end":{"line":16,"column":18}},"8":{"start":{"line":19,"column":21},"end":{"line":19,"column":56}},"9":{"start":{"line":20,"column":4},"end":{"line":20,"column":28}},"10":{"start":{"line":20,"column":15},"end":{"line":20,"column":28}},"11":{"start":{"line":21,"column":4},"end":{"line":21,"column":45}},"12":{"start":{"line":6,"column":13},"end":{"line":6,"column":23}},"13":{"start":{"line":6,"column":13},"end":{"line":23,"column":null}}},"fnMap":{"0":{"name":"(anonymous_2)","decl":{"start":{"line":7,"column":2},"end":{"line":7,"column":31}},"loc":{"start":{"line":7,"column":51},"end":{"line":7,"column":55}}},"1":{"name":"(anonymous_3)","decl":{"start":{"line":9,"column":2},"end":{"line":9,"column":13}},"loc":{"start":{"line":9,"column":39},"end":{"line":22,"column":3}}}},"branchMap":{"0":{"loc":{"start":{"line":15,"column":4},"end":{"line":17,"column":5}},"type":"if","locations":[{"start":{"line":15,"column":4},"end":{"line":17,"column":5}}]},"1":{"loc":{"start":{"line":15,"column":8},"end":{"line":15,"column":52}},"type":"binary-expr","locations":[{"start":{"line":15,"column":8},"end":{"line":15,"column":22}},{"start":{"line":15,"column":26},"end":{"line":15,"column":52}}]},"2":{"loc":{"start":{"line":20,"column":4},"end":{"line":20,"column":28}},"type":"if","locations":[{"start":{"line":20,"column":4},"end":{"line":20,"column":28}}]}},"s":{"0":0,"1":0,"2":0,"3":0,"4":0,"5":0,"6":0,"7":0,"8":0,"9":0,"10":0,"11":0,"12":0,"13":0},"f":{"0":0,"1":0},"b":{"0":[0],"1":[0,0],"2":[0]}}
,"/Users/luisdavidducuaracadavid/Downloads/ENTREGA2/src/common/interceptors/logging.interceptor.ts": {"path":"/Users/luisdavidducuaracadavid/Downloads/ENTREGA2/src/common/interceptors/logging.interceptor.ts","statementMap":{"0":{"start":{"line":1,"column":0},"end":{"line":1,"column":null}},"1":{"start":{"line":7,"column":0},"end":{"line":7,"column":39}},"2":{"start":{"line":10,"column":7},"end":{"line":24,"column":null}},"3":{"start":{"line":12,"column":16},"end":{"line":12,"column":51}},"4":{"start":{"line":13,"column":28},"end":{"line":13,"column":31}},"5":{"start":{"line":14,"column":20},"end":{"line":14,"column":30}},"6":{"start":{"line":16,"column":4},"end":{"line":22,"column":6}},"7":{"start":{"line":18,"column":25},"end":{"line":18,"column":45}},"8":{"start":{"line":20,"column":8},"end":{"line":20,"column":58}},"9":{"start":{"line":10,"column":13},"end":{"line":10,"column":31}},"10":{"start":{"line":10,"column":13},"end":{"line":24,"column":null}}},"fnMap":{"0":{"name":"(anonymous_1)","decl":{"start":{"line":11,"column":2},"end":{"line":11,"column":11}},"loc":{"start":{"line":11,"column":56},"end":{"line":23,"column":3}}},"1":{"name":"(anonymous_2)","decl":{"start":{"line":17,"column":10},"end":{"line":17,"column":13}},"loc":{"start":{"line":17,"column":15},"end":{"line":21,"column":7}}}},"branchMap":{},"s":{"0":0,"1":0,"2":0,"3":0,"4":0,"5":0,"6":0,"7":0,"8":0,"9":0,"10":0},"f":{"0":0,"1":0},"b":{}}
,"/Users/luisdavidducuaracadavid/Downloads/ENTREGA2/src/common/interceptors/transform.interceptor.ts": {"path":"/Users/luisdavidducuaracadavid/Downloads/ENTREGA2/src/common/interceptors/transform.interceptor.ts","statementMap":{"0":{"start":{"line":1,"column":0},"end":{"line":1,"column":null}},"1":{"start":{"line":8,"column":0},"end":{"line":8,"column":37}},"2":{"start":{"line":11,"column":7},"end":{"line":21,"column":null}},"3":{"start":{"line":13,"column":4},"end":{"line":19,"column":6}},"4":{"start":{"line":14,"column":21},"end":{"line":18,"column":8}},"5":{"start":{"line":11,"column":13},"end":{"line":11,"column":33}},"6":{"start":{"line":11,"column":13},"end":{"line":21,"column":null}}},"fnMap":{"0":{"name":"(anonymous_1)","decl":{"start":{"line":12,"column":2},"end":{"line":12,"column":11}},"loc":{"start":{"line":12,"column":56},"end":{"line":20,"column":3}}},"1":{"name":"(anonymous_2)","decl":{"start":{"line":14,"column":10},"end":{"line":14,"column":11}},"loc":{"start":{"line":14,"column":21},"end":{"line":18,"column":8}}}},"branchMap":{},"s":{"0":0,"1":0,"2":0,"3":0,"4":0,"5":0,"6":0},"f":{"0":0,"1":0},"b":{}}
,"/Users/luisdavidducuaracadavid/Downloads/ENTREGA2/src/common/middlewares/logger.middleware.ts": {"path":"/Users/luisdavidducuaracadavid/Downloads/ENTREGA2/src/common/middlewares/logger.middleware.ts","statementMap":{"0":{"start":{"line":1,"column":0},"end":{"line":1,"column":60}},"1":{"start":{"line":5,"column":7},"end":{"line":10,"column":null}},"2":{"start":{"line":7,"column":4},"end":{"line":7,"column":37}},"3":{"start":{"line":8,"column":4},"end":{"line":8,"column":11}},"4":{"start":{"line":5,"column":13},"end":{"line":5,"column":29}},"5":{"start":{"line":5,"column":13},"end":{"line":10,"column":null}}},"fnMap":{"0":{"name":"(anonymous_1)","decl":{"start":{"line":6,"column":2},"end":{"line":6,"column":5}},"loc":{"start":{"line":6,"column":54},"end":{"line":9,"column":3}}}},"branchMap":{},"s":{"0":0,"1":0,"2":0,"3":0,"4":0,"5":0},"f":{"0":0},"b":{}}
,"/Users/luisdavidducuaracadavid/Downloads/ENTREGA2/src/config/configuration.ts": {"path":"/Users/luisdavidducuaracadavid/Downloads/ENTREGA2/src/config/configuration.ts","statementMap":{"0":{"start":{"line":1,"column":0},"end":{"line":32,"column":3}},"1":{"start":{"line":1,"column":22},"end":{"line":32,"column":2}}},"fnMap":{"0":{"name":"(anonymous_0)","decl":{"start":{"line":1,"column":15},"end":{"line":1,"column":18}},"loc":{"start":{"line":1,"column":22},"end":{"line":32,"column":2}}}},"branchMap":{"0":{"loc":{"start":{"line":2,"column":11},"end":{"line":2,"column":48}},"type":"binary-expr","locations":[{"start":{"line":2,"column":11},"end":{"line":2,"column":31}},{"start":{"line":2,"column":35},"end":{"line":2,"column":48}}]},"1":{"loc":{"start":{"line":3,"column":17},"end":{"line":3,"column":43}},"type":"binary-expr","locations":[{"start":{"line":3,"column":17},"end":{"line":3,"column":33}},{"start":{"line":3,"column":37},"end":{"line":3,"column":43}}]},"2":{"loc":{"start":{"line":5,"column":10},"end":{"line":5,"column":44}},"type":"binary-expr","locations":[{"start":{"line":5,"column":10},"end":{"line":5,"column":29}},{"start":{"line":5,"column":33},"end":{"line":5,"column":44}}]},"3":{"loc":{"start":{"line":6,"column":19},"end":{"line":6,"column":48}},"type":"binary-expr","locations":[{"start":{"line":6,"column":19},"end":{"line":6,"column":38}},{"start":{"line":6,"column":42},"end":{"line":6,"column":48}}]},"4":{"loc":{"start":{"line":7,"column":10},"end":{"line":7,"column":47}},"type":"binary-expr","locations":[{"start":{"line":7,"column":10},"end":{"line":7,"column":29}},{"start":{"line":7,"column":33},"end":{"line":7,"column":47}}]},"5":{"loc":{"start":{"line":8,"column":10},"end":{"line":8,"column":43}},"type":"binary-expr","locations":[{"start":{"line":8,"column":10},"end":{"line":8,"column":29}},{"start":{"line":8,"column":33},"end":{"line":8,"column":43}}]},"6":{"loc":{"start":{"line":9,"column":14},"end":{"line":9,"column":51}},"type":"binary-expr","locations":[{"start":{"line":9,"column":14},"end":{"line":9,"column":37}},{"start":{"line":9,"column":41},"end":{"line":9,"column":51}}]},"7":{"loc":{"start":{"line":12,"column":12},"end":{"line":12,"column":54}},"type":"binary-expr","locations":[{"start":{"line":12,"column":12},"end":{"line":12,"column":34}},{"start":{"line":12,"column":38},"end":{"line":12,"column":54}}]},"8":{"loc":{"start":{"line":13,"column":19},"end":{"line":13,"column":73}},"type":"binary-expr","locations":[{"start":{"line":13,"column":19},"end":{"line":13,"column":49}},{"start":{"line":13,"column":53},"end":{"line":13,"column":73}}]},"9":{"loc":{"start":{"line":14,"column":15},"end":{"line":14,"column":50}},"type":"binary-expr","locations":[{"start":{"line":14,"column":15},"end":{"line":14,"column":41}},{"start":{"line":14,"column":45},"end":{"line":14,"column":50}}]},"10":{"loc":{"start":{"line":15,"column":22},"end":{"line":15,"column":64}},"type":"binary-expr","locations":[{"start":{"line":15,"column":22},"end":{"line":15,"column":56}},{"start":{"line":15,"column":60},"end":{"line":15,"column":64}}]},"11":{"loc":{"start":{"line":18,"column":15},"end":{"line":18,"column":47}},"type":"binary-expr","locations":[{"start":{"line":18,"column":15},"end":{"line":18,"column":41}},{"start":{"line":18,"column":45},"end":{"line":18,"column":47}}]},"12":{"loc":{"start":{"line":19,"column":16},"end":{"line":19,"column":49}},"type":"binary-expr","locations":[{"start":{"line":19,"column":16},"end":{"line":19,"column":43}},{"start":{"line":19,"column":47},"end":{"line":19,"column":49}}]},"13":{"loc":{"start":{"line":21,"column":17},"end":{"line":21,"column":50}},"type":"binary-expr","locations":[{"start":{"line":21,"column":17},"end":{"line":21,"column":44}},{"start":{"line":21,"column":48},"end":{"line":21,"column":50}}]},"14":{"loc":{"start":{"line":23,"column":14},"end":{"line":23,"column":49}},"type":"binary-expr","locations":[{"start":{"line":23,"column":14},"end":{"line":23,"column":43}},{"start":{"line":23,"column":47},"end":{"line":23,"column":49}}]},"15":{"loc":{"start":{"line":24,"column":18},"end":{"line":24,"column":57}},"type":"binary-expr","locations":[{"start":{"line":24,"column":18},"end":{"line":24,"column":51}},{"start":{"line":24,"column":55},"end":{"line":24,"column":57}}]},"16":{"loc":{"start":{"line":25,"column":14},"end":{"line":25,"column":75}},"type":"binary-expr","locations":[{"start":{"line":25,"column":14},"end":{"line":25,"column":42}},{"start":{"line":25,"column":46},"end":{"line":25,"column":75}}]},"17":{"loc":{"start":{"line":26,"column":14},"end":{"line":26,"column":93}},"type":"binary-expr","locations":[{"start":{"line":26,"column":14},"end":{"line":26,"column":43}},{"start":{"line":26,"column":47},"end":{"line":26,"column":93}}]},"18":{"loc":{"start":{"line":27,"column":13},"end":{"line":27,"column":47}},"type":"binary-expr","locations":[{"start":{"line":27,"column":13},"end":{"line":27,"column":41}},{"start":{"line":27,"column":45},"end":{"line":27,"column":47}}]},"19":{"loc":{"start":{"line":28,"column":20},"end":{"line":28,"column":62}},"type":"binary-expr","locations":[{"start":{"line":28,"column":20},"end":{"line":28,"column":56}},{"start":{"line":28,"column":60},"end":{"line":28,"column":62}}]},"20":{"loc":{"start":{"line":29,"column":19},"end":{"line":29,"column":60}},"type":"binary-expr","locations":[{"start":{"line":29,"column":19},"end":{"line":29,"column":54}},{"start":{"line":29,"column":58},"end":{"line":29,"column":60}}]},"21":{"loc":{"start":{"line":30,"column":13},"end":{"line":30,"column":74}},"type":"binary-expr","locations":[{"start":{"line":30,"column":13},"end":{"line":30,"column":41}},{"start":{"line":30,"column":45},"end":{"line":30,"column":74}}]}},"s":{"0":0,"1":0},"f":{"0":0},"b":{"0":[0,0],"1":[0,0],"2":[0,0],"3":[0,0],"4":[0,0],"5":[0,0],"6":[0,0],"7":[0,0],"8":[0,0],"9":[0,0],"10":[0,0],"11":[0,0],"12":[0,0],"13":[0,0],"14":[0,0],"15":[0,0],"16":[0,0],"17":[0,0],"18":[0,0],"19":[0,0],"20":[0,0],"21":[0,0]}}
,"/Users/luisdavidducuaracadavid/Downloads/ENTREGA2/src/config/validation.ts": {"path":"/Users/luisdavidducuaracadavid/Downloads/ENTREGA2/src/config/validation.ts","statementMap":{"0":{"start":{"line":104,"column":0},"end":{"line":104,"column":16}},"1":{"start":{"line":1,"column":0},"end":{"line":1,"column":52}},"2":{"start":{"line":2,"column":0},"end":{"line":2,"column":null}},"3":{"start":{"line":11,"column":0},"end":{"line":11,"column":null}},"4":{"start":{"line":12,"column":2},"end":{"line":12,"column":null}},"5":{"start":{"line":13,"column":2},"end":{"line":13,"column":null}},"6":{"start":{"line":14,"column":2},"end":{"line":14,"column":null}},"7":{"start":{"line":19,"column":2},"end":{"line":19,"column":null}},"8":{"start":{"line":22,"column":2},"end":{"line":22,"column":null}},"9":{"start":{"line":26,"column":2},"end":{"line":26,"column":null}},"10":{"start":{"line":29,"column":2},"end":{"line":29,"column":null}},"11":{"start":{"line":33,"column":2},"end":{"line":33,"column":null}},"12":{"start":{"line":37,"column":2},"end":{"line":37,"column":null}},"13":{"start":{"line":41,"column":2},"end":{"line":41,"column":null}},"14":{"start":{"line":45,"column":2},"end":{"line":45,"column":null}},"15":{"start":{"line":49,"column":2},"end":{"line":49,"column":null}},"16":{"start":{"line":53,"column":2},"end":{"line":53,"column":null}},"17":{"start":{"line":57,"column":2},"end":{"line":57,"column":null}},"18":{"start":{"line":61,"column":2},"end":{"line":61,"column":null}},"19":{"start":{"line":65,"column":2},"end":{"line":65,"column":null}},"20":{"start":{"line":69,"column":2},"end":{"line":69,"column":null}},"21":{"start":{"line":73,"column":2},"end":{"line":73,"column":null}},"22":{"start":{"line":77,"column":2},"end":{"line":77,"column":null}},"23":{"start":{"line":81,"column":2},"end":{"line":81,"column":null}},"24":{"start":{"line":85,"column":2},"end":{"line":85,"column":null}},"25":{"start":{"line":89,"column":2},"end":{"line":89,"column":null}},"26":{"start":{"line":93,"column":2},"end":{"line":93,"column":null}},"27":{"start":{"line":97,"column":2},"end":{"line":97,"column":null}},"28":{"start":{"line":101,"column":2},"end":{"line":101,"column":null}},"29":{"start":{"line":105,"column":26},"end":{"line":107,"column":4}},"30":{"start":{"line":108,"column":17},"end":{"line":108,"column":80}},"31":{"start":{"line":110,"column":2},"end":{"line":112,"column":3}},"32":{"start":{"line":111,"column":4},"end":{"line":111,"column":39}},"33":{"start":{"line":113,"column":2},"end":{"line":113,"column":25}}},"fnMap":{"0":{"name":"(anonymous_2)","decl":{"start":{"line":11,"column":0},"end":{"line":11,"column":5}},"loc":{"start":{"line":11,"column":16},"end":{"line":15,"column":1}}},"1":{"name":"validate","decl":{"start":{"line":104,"column":16},"end":{"line":104,"column":24}},"loc":{"start":{"line":104,"column":56},"end":{"line":114,"column":1}}}},"branchMap":{"0":{"loc":{"start":{"line":11,"column":5},"end":{"line":11,"column":null}},"type":"binary-expr","locations":[{"start":{"line":11,"column":5},"end":{"line":11,"column":16}},{"start":{"line":11,"column":5},"end":{"line":11,"column":null}}]},"1":{"loc":{"start":{"line":110,"column":2},"end":{"line":112,"column":3}},"type":"if","locations":[{"start":{"line":110,"column":2},"end":{"line":112,"column":3}}]}},"s":{"0":0,"1":0,"2":0,"3":0,"4":0,"5":0,"6":0,"7":0,"8":0,"9":0,"10":0,"11":0,"12":0,"13":0,"14":0,"15":0,"16":0,"17":0,"18":0,"19":0,"20":0,"21":0,"22":0,"23":0,"24":0,"25":0,"26":0,"27":0,"28":0,"29":0,"30":0,"31":0,"32":0,"33":0},"f":{"0":0,"1":0},"b":{"0":[0,0],"1":[0]}}
,"/Users/luisdavidducuaracadavid/Downloads/ENTREGA2/src/database/seed.ts": {"path":"/Users/luisdavidducuaracadavid/Downloads/ENTREGA2/src/database/seed.ts","statementMap":{"0":{"start":{"line":1,"column":0},"end":{"line":1,"column":35}},"1":{"start":{"line":2,"column":0},"end":{"line":2,"column":50}},"2":{"start":{"line":3,"column":0},"end":{"line":3,"column":54}},"3":{"start":{"line":4,"column":0},"end":{"line":4,"column":57}},"4":{"start":{"line":5,"column":0},"end":{"line":5,"column":62}},"5":{"start":{"line":6,"column":0},"end":{"line":6,"column":50}},"6":{"start":{"line":7,"column":0},"end":{"line":7,"column":80}},"7":{"start":{"line":10,"column":2},"end":{"line":81,"column":3}},"8":{"start":{"line":11,"column":4},"end":{"line":11,"column":37}},"9":{"start":{"line":12,"column":4},"end":{"line":12,"column":48}},"10":{"start":{"line":14,"column":21},"end":{"line":14,"column":54}},"11":{"start":{"line":15,"column":25},"end":{"line":15,"column":62}},"12":{"start":{"line":16,"column":27},"end":{"line":16,"column":66}},"13":{"start":{"line":17,"column":23},"end":{"line":17,"column":58}},"14":{"start":{"line":18,"column":23},"end":{"line":18,"column":58}},"15":{"start":{"line":20,"column":48},"end":{"line":39,"column":6}},"16":{"start":{"line":41,"column":26},"end":{"line":41,"column":68}},"17":{"start":{"line":42,"column":30},"end":{"line":42,"column":84}},"18":{"start":{"line":44,"column":23},"end":{"line":48,"column":6}},"19":{"start":{"line":49,"column":4},"end":{"line":54,"column":5}},"20":{"start":{"line":50,"column":21},"end":{"line":50,"column":78}},"21":{"start":{"line":51,"column":6},"end":{"line":53,"column":7}},"22":{"start":{"line":52,"column":8},"end":{"line":52,"column":58}},"23":{"start":{"line":56,"column":21},"end":{"line":56,"column":93}},"24":{"start":{"line":57,"column":4},"end":{"line":74,"column":5}},"25":{"start":{"line":58,"column":29},"end":{"line":60,"column":8}},"26":{"start":{"line":61,"column":6},"end":{"line":73,"column":7}},"27":{"start":{"line":62,"column":8},"end":{"line":72,"column":10}},"28":{"start":{"line":76,"column":4},"end":{"line":76,"column":35}},"29":{"start":{"line":78,"column":4},"end":{"line":78,"column":43}},"30":{"start":{"line":80,"column":4},"end":{"line":80,"column":34}},"31":{"start":{"line":88,"column":19},"end":{"line":88,"column":71}},"32":{"start":{"line":89,"column":2},"end":{"line":89,"column":32}},"33":{"start":{"line":89,"column":16},"end":{"line":89,"column":32}},"34":{"start":{"line":90,"column":19},"end":{"line":90,"column":55}},"35":{"start":{"line":91,"column":2},"end":{"line":98,"column":4}},"36":{"start":{"line":102,"column":19},"end":{"line":102,"column":78}},"37":{"start":{"line":103,"column":2},"end":{"line":103,"column":32}},"38":{"start":{"line":103,"column":16},"end":{"line":103,"column":32}},"39":{"start":{"line":104,"column":2},"end":{"line":111,"column":4}},"40":{"start":{"line":115,"column":19},"end":{"line":115,"column":75}},"41":{"start":{"line":116,"column":2},"end":{"line":116,"column":32}},"42":{"start":{"line":116,"column":16},"end":{"line":116,"column":32}},"43":{"start":{"line":117,"column":2},"end":{"line":124,"column":4}},"44":{"start":{"line":127,"column":0},"end":{"line":127,"column":7}}},"fnMap":{"0":{"name":"seed","decl":{"start":{"line":9,"column":15},"end":{"line":9,"column":19}},"loc":{"start":{"line":9,"column":19},"end":{"line":82,"column":1}}},"1":{"name":"upsertUser","decl":{"start":{"line":84,"column":15},"end":{"line":84,"column":25}},"loc":{"start":{"line":86,"column":73},"end":{"line":99,"column":1}}},"2":{"name":"upsertClient","decl":{"start":{"line":101,"column":15},"end":{"line":101,"column":27}},"loc":{"start":{"line":101,"column":82},"end":{"line":112,"column":1}}},"3":{"name":"upsertTechnician","decl":{"start":{"line":114,"column":15},"end":{"line":114,"column":31}},"loc":{"start":{"line":114,"column":90},"end":{"line":125,"column":1}}}},"branchMap":{"0":{"loc":{"start":{"line":51,"column":6},"end":{"line":53,"column":7}},"type":"if","locations":[{"start":{"line":51,"column":6},"end":{"line":53,"column":7}}]},"1":{"loc":{"start":{"line":57,"column":4},"end":{"line":74,"column":5}},"type":"if","locations":[{"start":{"line":57,"column":4},"end":{"line":74,"column":5}}]},"2":{"loc":{"start":{"line":61,"column":6},"end":{"line":73,"column":7}},"type":"if","locations":[{"start":{"line":61,"column":6},"end":{"line":73,"column":7}}]},"3":{"loc":{"start":{"line":89,"column":2},"end":{"line":89,"column":32}},"type":"if","locations":[{"start":{"line":89,"column":2},"end":{"line":89,"column":32}}]},"4":{"loc":{"start":{"line":103,"column":2},"end":{"line":103,"column":32}},"type":"if","locations":[{"start":{"line":103,"column":2},"end":{"line":103,"column":32}}]},"5":{"loc":{"start":{"line":116,"column":2},"end":{"line":116,"column":32}},"type":"if","locations":[{"start":{"line":116,"column":2},"end":{"line":116,"column":32}}]}},"s":{"0":0,"1":0,"2":0,"3":0,"4":0,"5":0,"6":0,"7":0,"8":0,"9":0,"10":0,"11":0,"12":0,"13":0,"14":0,"15":0,"16":0,"17":0,"18":0,"19":0,"20":0,"21":0,"22":0,"23":0,"24":0,"25":0,"26":0,"27":0,"28":0,"29":0,"30":0,"31":0,"32":0,"33":0,"34":0,"35":0,"36":0,"37":0,"38":0,"39":0,"40":0,"41":0,"42":0,"43":0,"44":0},"f":{"0":0,"1":0,"2":0,"3":0},"b":{"0":[0],"1":[0],"2":[0],"3":[0],"4":[0],"5":[0]}}
,"/Users/luisdavidducuaracadavid/Downloads/ENTREGA2/src/database/typeorm-data-source.ts": {"path":"/Users/luisdavidducuaracadavid/Downloads/ENTREGA2/src/database/typeorm-data-source.ts","statementMap":{"0":{"start":{"line":1,"column":0},"end":{"line":1,"column":23}},"1":{"start":{"line":2,"column":0},"end":{"line":2,"column":37}},"2":{"start":{"line":3,"column":0},"end":{"line":3,"column":50}},"3":{"start":{"line":4,"column":0},"end":{"line":4,"column":57}},"4":{"start":{"line":5,"column":0},"end":{"line":5,"column":50}},"5":{"start":{"line":6,"column":0},"end":{"line":6,"column":62}},"6":{"start":{"line":7,"column":0},"end":{"line":7,"column":44}},"7":{"start":{"line":9,"column":22},"end":{"line":19,"column":2}},"8":{"start":{"line":21,"column":0},"end":{"line":21,"column":29}}},"fnMap":{},"branchMap":{"0":{"loc":{"start":{"line":11,"column":8},"end":{"line":11,"column":42}},"type":"binary-expr","locations":[{"start":{"line":11,"column":8},"end":{"line":11,"column":27}},{"start":{"line":11,"column":31},"end":{"line":11,"column":42}}]},"1":{"loc":{"start":{"line":12,"column":17},"end":{"line":12,"column":46}},"type":"binary-expr","locations":[{"start":{"line":12,"column":17},"end":{"line":12,"column":36}},{"start":{"line":12,"column":40},"end":{"line":12,"column":46}}]},"2":{"loc":{"start":{"line":13,"column":12},"end":{"line":13,"column":45}},"type":"binary-expr","locations":[{"start":{"line":13,"column":12},"end":{"line":13,"column":31}},{"start":{"line":13,"column":35},"end":{"line":13,"column":45}}]},"3":{"loc":{"start":{"line":14,"column":12},"end":{"line":14,"column":49}},"type":"binary-expr","locations":[{"start":{"line":14,"column":12},"end":{"line":14,"column":35}},{"start":{"line":14,"column":39},"end":{"line":14,"column":49}}]},"4":{"loc":{"start":{"line":15,"column":12},"end":{"line":15,"column":49}},"type":"binary-expr","locations":[{"start":{"line":15,"column":12},"end":{"line":15,"column":31}},{"start":{"line":15,"column":35},"end":{"line":15,"column":49}}]}},"s":{"0":0,"1":0,"2":0,"3":0,"4":0,"5":0,"6":0,"7":0,"8":0},"f":{},"b":{"0":[0,0],"1":[0,0],"2":[0,0],"3":[0,0],"4":[0,0]}}
,"/Users/luisdavidducuaracadavid/Downloads/ENTREGA2/src/database/migrations/20251208233000-tech-helpdesk-schema.ts": {"path":"/Users/luisdavidducuaracadavid/Downloads/ENTREGA2/src/database/migrations/20251208233000-tech-helpdesk-schema.ts","statementMap":{"0":{"start":{"line":1,"column":0},"end":{"line":1,"column":null}},"1":{"start":{"line":9,"column":2},"end":{"line":9,"column":44}},"2":{"start":{"line":12,"column":4},"end":{"line":12,"column":74}},"3":{"start":{"line":14,"column":4},"end":{"line":14,"column":72}},"4":{"start":{"line":15,"column":4},"end":{"line":15,"column":67}},"5":{"start":{"line":16,"column":4},"end":{"line":16,"column":69}},"6":{"start":{"line":17,"column":4},"end":{"line":17,"column":68}},"7":{"start":{"line":18,"column":4},"end":{"line":18,"column":66}},"8":{"start":{"line":20,"column":4},"end":{"line":45,"column":6}},"9":{"start":{"line":47,"column":4},"end":{"line":64,"column":6}},"10":{"start":{"line":66,"column":4},"end":{"line":85,"column":6}},"11":{"start":{"line":87,"column":4},"end":{"line":106,"column":6}},"12":{"start":{"line":108,"column":4},"end":{"line":140,"column":6}},"13":{"start":{"line":142,"column":4},"end":{"line":150,"column":6}},"14":{"start":{"line":152,"column":4},"end":{"line":160,"column":6}},"15":{"start":{"line":162,"column":4},"end":{"line":170,"column":6}},"16":{"start":{"line":172,"column":4},"end":{"line":180,"column":6}},"17":{"start":{"line":182,"column":4},"end":{"line":190,"column":6}},"18":{"start":{"line":194,"column":4},"end":{"line":194,"column":43}},"19":{"start":{"line":195,"column":4},"end":{"line":195,"column":43}},"20":{"start":{"line":196,"column":4},"end":{"line":196,"column":47}},"21":{"start":{"line":197,"column":4},"end":{"line":197,"column":46}},"22":{"start":{"line":198,"column":4},"end":{"line":198,"column":41}},"23":{"start":{"line":199,"column":4},"end":{"line":199,"column":69}},"24":{"start":{"line":200,"column":4},"end":{"line":200,"column":73}},"25":{"start":{"line":201,"column":4},"end":{"line":201,"column":75}},"26":{"start":{"line":8,"column":0},"end":{"line":8,"column":13}}},"fnMap":{"0":{"name":"(anonymous_0)","decl":{"start":{"line":8,"column":0},"end":{"line":8,"column":13}},"loc":{"start":{"line":8,"column":0},"end":{"line":203,"column":1}}},"1":{"name":"(anonymous_1)","decl":{"start":{"line":11,"column":9},"end":{"line":11,"column":14}},"loc":{"start":{"line":11,"column":42},"end":{"line":191,"column":3}}},"2":{"name":"(anonymous_2)","decl":{"start":{"line":193,"column":9},"end":{"line":193,"column":14}},"loc":{"start":{"line":193,"column":44},"end":{"line":202,"column":3}}}},"branchMap":{},"s":{"0":0,"1":0,"2":0,"3":0,"4":0,"5":0,"6":0,"7":0,"8":0,"9":0,"10":0,"11":0,"12":0,"13":0,"14":0,"15":0,"16":0,"17":0,"18":0,"19":0,"20":0,"21":0,"22":0,"23":0,"24":0,"25":0,"26":0},"f":{"0":0,"1":0,"2":0},"b":{}}
[...]
-expr","locations":[{"start":{"line":73,"column":19},"end":{"line":73,"column":21}},{"start":{"line":73,"column":8},"end":{"line":73,"column":25}}]},"15":{"loc":{"start":{"line":73,"column":8},"end":{"line":73,"column":21}},"type":"binary-expr","locations":[{"start":{"line":73,"column":8},"end":{"line":73,"column":21}},{"start":{"line":73,"column":8},"end":{"line":73,"column":21}}]},"16":{"loc":{"start":{"line":85,"column":4},"end":{"line":87,"column":5}},"type":"if","locations":[{"start":{"line":85,"column":4},"end":{"line":87,"column":5}}]},"17":{"loc":{"start":{"line":89,"column":4},"end":{"line":95,"column":5}},"type":"if","locations":[{"start":{"line":89,"column":4},"end":{"line":95,"column":5}}]},"18":{"loc":{"start":{"line":91,"column":6},"end":{"line":93,"column":7}},"type":"if","locations":[{"start":{"line":91,"column":6},"end":{"line":93,"column":7}}]},"19":{"loc":{"start":{"line":97,"column":4},"end":{"line":99,"column":5}},"type":"if","locations":[{"start":{"line":97,"column":4},"end":{"line":99,"column":5}}]},"20":{"loc":{"start":{"line":108,"column":4},"end":{"line":113,"column":5}},"type":"if","locations":[{"start":{"line":108,"column":4},"end":{"line":113,"column":5}}]},"21":{"loc":{"start":{"line":109,"column":6},"end":{"line":111,"column":7}},"type":"if","locations":[{"start":{"line":109,"column":6},"end":{"line":111,"column":7}}]},"22":{"loc":{"start":{"line":127,"column":22},"end":{"line":127,"column":44}},"type":"binary-expr","locations":[{"start":{"line":127,"column":22},"end":{"line":127,"column":38}},{"start":{"line":127,"column":42},"end":{"line":127,"column":44}}]},"23":{"loc":{"start":{"line":128,"column":4},"end":{"line":132,"column":5}},"type":"if","locations":[{"start":{"line":128,"column":4},"end":{"line":132,"column":5}}]},"24":{"loc":{"start":{"line":141,"column":4},"end":{"line":143,"column":5}},"type":"if","locations":[{"start":{"line":141,"column":4},"end":{"line":143,"column":5}}]},"25":{"loc":{"start":{"line":146,"column":4},"end":{"line":148,"column":5}},"type":"if","locations":[{"start":{"line":146,"column":4},"end":{"line":148,"column":5}}]}},"s":{"0":1,"1":1,"2":1,"3":1,"4":1,"5":1,"6":1,"7":1,"8":1,"9":2,"10":2,"11":2,"12":2,"13":1,"14":1,"15":1,"16":0,"17":1,"18":1,"19":0,"20":1,"21":1,"22":0,"23":1,"24":1,"25":0,"26":1,"27":0,"28":0,"29":0,"30":0,"31":0,"32":0,"33":0,"34":0,"35":0,"36":0,"37":0,"38":0,"39":0,"40":0,"41":0,"42":0,"43":0,"44":0,"45":0,"46":1,"47":1,"48":1,"49":1,"50":0,"51":1,"52":1,"53":1,"54":1,"55":1,"56":1,"57":0,"58":1,"59":1,"60":1,"61":1,"62":1,"63":0,"64":1,"65":1},"f":{"0":2,"1":1,"2":0,"3":1,"4":0,"5":0,"6":0,"7":1,"8":1,"9":1},"b":{"0":[0],"1":[1,1],"2":[0,1],"3":[1,1],"4":[0],"5":[0,1],"6":[1,0],"7":[0],"8":[0],"9":[0,0],"10":[0,0],"11":[0,0],"12":[0],"13":[0,0],"14":[0,0],"15":[0,0],"16":[0],"17":[0],"18":[0],"19":[0],"20":[1],"21":[0],"22":[1,0],"23":[0],"24":[1],"25":[0]}}
,"/Users/luisdavidducuaracadavid/Downloads/ENTREGA2/src/tickets/dto/create-ticket.dto.ts": {"path":"/Users/luisdavidducuaracadavid/Downloads/ENTREGA2/src/tickets/dto/create-ticket.dto.ts","statementMap":{"0":{"start":{"line":1,"column":0},"end":{"line":1,"column":67}},"1":{"start":{"line":2,"column":0},"end":{"line":2,"column":95}},"2":{"start":{"line":3,"column":0},"end":{"line":3,"column":50}},"3":{"start":{"line":5,"column":0},"end":{"line":5,"column":13}},"4":{"start":{"line":9,"column":2},"end":{"line":9,"column":null}},"5":{"start":{"line":14,"column":2},"end":{"line":14,"column":null}},"6":{"start":{"line":19,"column":2},"end":{"line":19,"column":null}},"7":{"start":{"line":23,"column":2},"end":{"line":23,"column":null}},"8":{"start":{"line":27,"column":2},"end":{"line":27,"column":null}},"9":{"start":{"line":32,"column":2},"end":{"line":32,"column":null}}},"fnMap":{},"branchMap":{},"s":{"0":0,"1":0,"2":0,"3":0,"4":0,"5":0,"6":0,"7":0,"8":0,"9":0},"f":{},"b":{}}
,"/Users/luisdavidducuaracadavid/Downloads/ENTREGA2/src/tickets/dto/update-status.dto.ts": {"path":"/Users/luisdavidducuaracadavid/Downloads/ENTREGA2/src/tickets/dto/update-status.dto.ts","statementMap":{"0":{"start":{"line":1,"column":0},"end":{"line":1,"column":46}},"1":{"start":{"line":2,"column":0},"end":{"line":2,"column":41}},"2":{"start":{"line":3,"column":0},"end":{"line":3,"column":48}},"3":{"start":{"line":5,"column":0},"end":{"line":5,"column":13}},"4":{"start":{"line":8,"column":2},"end":{"line":8,"column":null}}},"fnMap":{},"branchMap":{},"s":{"0":0,"1":0,"2":0,"3":0,"4":0},"f":{},"b":{}}
,"/Users/luisdavidducuaracadavid/Downloads/ENTREGA2/src/tickets/dto/update-ticket.dto.ts": {"path":"/Users/luisdavidducuaracadavid/Downloads/ENTREGA2/src/tickets/dto/update-ticket.dto.ts","statementMap":{"0":{"start":{"line":1,"column":0},"end":{"line":1,"column":54}},"1":{"start":{"line":2,"column":0},"end":{"line":2,"column":61}},"2":{"start":{"line":3,"column":0},"end":{"line":3,"column":50}},"3":{"start":{"line":5,"column":0},"end":{"line":5,"column":13}},"4":{"start":{"line":9,"column":2},"end":{"line":9,"column":null}},"5":{"start":{"line":14,"column":2},"end":{"line":14,"column":null}},"6":{"start":{"line":19,"column":2},"end":{"line":19,"column":null}}},"fnMap":{},"branchMap":{},"s":{"0":0,"1":0,"2":0,"3":0,"4":0,"5":0,"6":0},"f":{},"b":{}}
,"/Users/luisdavidducuaracadavid/Downloads/ENTREGA2/src/users/user.entity.ts": {"path":"/Users/luisdavidducuaracadavid/Downloads/ENTREGA2/src/users/user.entity.ts","statementMap":{"0":{"start":{"line":1,"column":0},"end":{"line":1,"column":null}},"1":{"start":{"line":9,"column":0},"end":{"line":9,"column":null}},"2":{"start":{"line":10,"column":2},"end":{"line":10,"column":null}},"3":{"start":{"line":11,"column":2},"end":{"line":11,"column":null}},"4":{"start":{"line":12,"column":2},"end":{"line":12,"column":null}},"5":{"start":{"line":16,"column":7},"end":{"line":40,"column":null}},"6":{"start":{"line":16,"column":13},"end":{"line":16,"column":17}},"7":{"start":{"line":18,"column":2},"end":{"line":18,"column":null}},"8":{"start":{"line":21,"column":2},"end":{"line":21,"column":null}},"9":{"start":{"line":24,"column":2},"end":{"line":24,"column":null}},"10":{"start":{"line":27,"column":2},"end":{"line":27,"column":null}},"11":{"start":{"line":30,"column":2},"end":{"line":30,"column":null}},"12":{"start":{"line":33,"column":2},"end":{"line":33,"column":null}},"13":{"start":{"line":36,"column":2},"end":{"line":36,"column":null}},"14":{"start":{"line":39,"column":2},"end":{"line":39,"column":null}},"15":{"start":{"line":16,"column":13},"end":{"line":40,"column":null}}},"fnMap":{"0":{"name":"(anonymous_2)","decl":{"start":{"line":9,"column":0},"end":{"line":9,"column":12}},"loc":{"start":{"line":9,"column":20},"end":{"line":13,"column":1}}}},"branchMap":{"0":{"loc":{"start":{"line":9,"column":12},"end":{"line":9,"column":null}},"type":"binary-expr","locations":[{"start":{"line":9,"column":12},"end":{"line":9,"column":20}},{"start":{"line":9,"column":20},"end":{"line":9,"column":null}}]}},"s":{"0":1,"1":1,"2":1,"3":1,"4":1,"5":1,"6":1,"7":1,"8":1,"9":1,"10":1,"11":1,"12":1,"13":1,"14":1,"15":1},"f":{"0":1},"b":{"0":[1,1]}}
,"/Users/luisdavidducuaracadavid/Downloads/ENTREGA2/src/users/users.controller.ts": {"path":"/Users/luisdavidducuaracadavid/Downloads/ENTREGA2/src/users/users.controller.ts","statementMap":{"0":{"start":{"line":1,"column":0},"end":{"line":1,"column":99}},"1":{"start":{"line":2,"column":0},"end":{"line":2,"column":71}},"2":{"start":{"line":3,"column":0},"end":{"line":3,"column":61}},"3":{"start":{"line":4,"column":0},"end":{"line":4,"column":63}},"4":{"start":{"line":5,"column":0},"end":{"line":5,"column":54}},"5":{"start":{"line":6,"column":0},"end":{"line":6,"column":47}},"6":{"start":{"line":7,"column":0},"end":{"line":7,"column":47}},"7":{"start":{"line":8,"column":0},"end":{"line":8,"column":54}},"8":{"start":{"line":14,"column":7},"end":{"line":61,"column":null}},"9":{"start":{"line":15,"column":31},"end":{"line":15,"column":45}},"10":{"start":{"line":21,"column":17},"end":{"line":21,"column":53}},"11":{"start":{"line":22,"column":4},"end":{"line":22,"column":31}},"12":{"start":{"line":29,"column":18},"end":{"line":29,"column":51}},"13":{"start":{"line":30,"column":4},"end":{"line":30,"column":52}},"14":{"start":{"line":30,"column":31},"end":{"line":30,"column":50}},"15":{"start":{"line":37,"column":17},"end":{"line":37,"column":57}},"16":{"start":{"line":38,"column":4},"end":{"line":38,"column":31}},"17":{"start":{"line":45,"column":4},"end":{"line":45,"column":40}},"18":{"start":{"line":51,"column":17},"end":{"line":51,"column":64}},"19":{"start":{"line":52,"column":4},"end":{"line":52,"column":27}},"20":{"start":{"line":52,"column":15},"end":{"line":52,"column":27}},"21":{"start":{"line":53,"column":4},"end":{"line":53,"column":31}},"22":{"start":{"line":58,"column":48},"end":{"line":58,"column":52}},"23":{"start":{"line":58,"column":43},"end":{"line":58,"column":48}},"24":{"start":{"line":59,"column":4},"end":{"line":59,"column":16}},"25":{"start":{"line":14,"column":13},"end":{"line":14,"column":28}},"26":{"start":{"line":20,"column":8},"end":{"line":23,"column":null}},"27":{"start":{"line":28,"column":8},"end":{"line":31,"column":null}},"28":{"start":{"line":36,"column":8},"end":{"line":39,"column":null}},"29":{"start":{"line":44,"column":8},"end":{"line":46,"column":null}},"30":{"start":{"line":50,"column":8},"end":{"line":54,"column":null}},"31":{"start":{"line":14,"column":13},"end":{"line":61,"column":null}}},"fnMap":{"0":{"name":"(anonymous_5)","decl":{"start":{"line":15,"column":2},"end":{"line":15,"column":31}},"loc":{"start":{"line":15,"column":57},"end":{"line":15,"column":61}}},"1":{"name":"(anonymous_6)","decl":{"start":{"line":20,"column":2},"end":{"line":20,"column":7}},"loc":{"start":{"line":20,"column":42},"end":{"line":23,"column":3}}},"2":{"name":"(anonymous_7)","decl":{"start":{"line":28,"column":2},"end":{"line":28,"column":7}},"loc":{"start":{"line":28,"column":15},"end":{"line":31,"column":3}}},"3":{"name":"(anonymous_8)","decl":{"start":{"line":30,"column":21},"end":{"line":30,"column":22}},"loc":{"start":{"line":30,"column":31},"end":{"line":30,"column":50}}},"4":{"name":"(anonymous_9)","decl":{"start":{"line":36,"column":2},"end":{"line":36,"column":7}},"loc":{"start":{"line":36,"column":67},"end":{"line":39,"column":3}}},"5":{"name":"(anonymous_10)","decl":{"start":{"line":44,"column":2},"end":{"line":44,"column":7}},"loc":{"start":{"line":44,"column":38},"end":{"line":46,"column":3}}},"6":{"name":"(anonymous_11)","decl":{"start":{"line":50,"column":2},"end":{"line":50,"column":7}},"loc":{"start":{"line":50,"column":26},"end":{"line":54,"column":3}}},"7":{"name":"(anonymous_12)","decl":{"start":{"line":56,"column":10},"end":{"line":56,"column":18}},"loc":{"start":{"line":56,"column":29},"end":{"line":60,"column":3}}}},"branchMap":{"0":{"loc":{"start":{"line":51,"column":50},"end":{"line":51,"column":63}},"type":"cond-expr","locations":[{"start":{"line":51,"column":58},"end":{"line":51,"column":60}},{"start":{"line":51,"column":58},"end":{"line":51,"column":63}}]},"1":{"loc":{"start":{"line":51,"column":50},"end":{"line":51,"column":60}},"type":"binary-expr","locations":[{"start":{"line":51,"column":50},"end":{"line":51,"column":60}},{"start":{"line":51,"column":58},"end":{"line":51,"column":60}}]},"2":{"loc":{"start":{"line":52,"column":4},"end":{"line":52,"column":27}},"type":"if","locations":[{"start":{"line":52,"column":4},"end":{"line":52,"column":27}}]}},"s":{"0":0,"1":0,"2":0,"3":0,"4":0,"5":0,"6":0,"7":0,"8":0,"9":0,"10":0,"11":0,"12":0,"13":0,"14":0,"15":0,"16":0,"17":0,"18":0,"19":0,"20":0,"21":0,"22":0,"23":0,"24":0,"25":0,"26":0,"27":0,"28":0,"29":0,"30":0,"31":0},"f":{"0":0,"1":0,"2":0,"3":0,"4":0,"5":0,"6":0,"7":0},"b":{"0":[0,0],"1":[0,0],"2":[0]}}
,"/Users/luisdavidducuaracadavid/Downloads/ENTREGA2/src/users/users.module.ts": {"path":"/Users/luisdavidducuaracadavid/Downloads/ENTREGA2/src/users/users.module.ts","statementMap":{"0":{"start":{"line":1,"column":0},"end":{"line":1,"column":40}},"1":{"start":{"line":2,"column":0},"end":{"line":2,"column":48}},"2":{"start":{"line":3,"column":0},"end":{"line":3,"column":53}},"3":{"start":{"line":4,"column":0},"end":{"line":4,"column":37}},"4":{"start":{"line":5,"column":0},"end":{"line":5,"column":47}},"5":{"start":{"line":13,"column":7},"end":{"line":13,"column":null}},"6":{"start":{"line":13,"column":13},"end":{"line":13,"column":24}},"7":{"start":{"line":13,"column":13},"end":{"line":13,"column":null}}},"fnMap":{},"branchMap":{},"s":{"0":0,"1":0,"2":0,"3":0,"4":0,"5":0,"6":0,"7":0},"f":{},"b":{}}
,"/Users/luisdavidducuaracadavid/Downloads/ENTREGA2/src/users/users.service.ts": {"path":"/Users/luisdavidducuaracadavid/Downloads/ENTREGA2/src/users/users.service.ts","statementMap":{"0":{"start":{"line":1,"column":0},"end":{"line":1,"column":84}},"1":{"start":{"line":2,"column":0},"end":{"line":2,"column":51}},"2":{"start":{"line":3,"column":0},"end":{"line":3,"column":37}},"3":{"start":{"line":4,"column":0},"end":{"line":4,"column":35}},"4":{"start":{"line":5,"column":0},"end":{"line":5,"column":47}},"5":{"start":{"line":10,"column":7},"end":{"line":70,"column":null}},"6":{"start":{"line":13,"column":21},"end":{"line":13,"column":38}},"7":{"start":{"line":17,"column":21},"end":{"line":17,"column":89}},"8":{"start":{"line":18,"column":4},"end":{"line":20,"column":5}},"9":{"start":{"line":19,"column":6},"end":{"line":19,"column":59}},"10":{"start":{"line":22,"column":21},"end":{"line":22,"column":57}},"11":{"start":{"line":23,"column":17},"end":{"line":26,"column":null}},"12":{"start":{"line":28,"column":4},"end":{"line":28,"column":43}},"13":{"start":{"line":32,"column":4},"end":{"line":32,"column":71}},"14":{"start":{"line":36,"column":4},"end":{"line":36,"column":62}},"15":{"start":{"line":40,"column":4},"end":{"line":40,"column":59}},"16":{"start":{"line":44,"column":17},"end":{"line":44,"column":40}},"17":{"start":{"line":45,"column":4},"end":{"line":45,"column":68}},"18":{"start":{"line":45,"column":15},"end":{"line":45,"column":68}},"19":{"start":{"line":47,"column":4},"end":{"line":50,"column":5}},"20":{"start":{"line":48,"column":21},"end":{"line":48,"column":89}},"21":{"start":{"line":49,"column":6},"end":{"line":49,"column":71}},"22":{"start":{"line":49,"column":18},"end":{"line":49,"column":71}},"23":{"start":{"line":52,"column":4},"end":{"line":54,"column":5}},"24":{"start":{"line":53,"column":6},"end":{"line":53,"column":59}},"25":{"start":{"line":56,"column":4},"end":{"line":56,"column":30}},"26":{"start":{"line":57,"column":4},"end":{"line":57,"column":43}},"27":{"start":{"line":61,"column":4},"end":{"line":61,"column":79}},"28":{"start":{"line":65,"column":17},"end":{"line":65,"column":40}},"29":{"start":{"line":66,"column":4},"end":{"line":66,"column":68}},"30":{"start":{"line":66,"column":15},"end":{"line":66,"column":68}},"31":{"start":{"line":67,"column":4},"end":{"line":67,"column":44}},"32":{"start":{"line":68,"column":4},"end":{"line":68,"column":18}},"33":{"start":{"line":10,"column":13},"end":{"line":10,"column":25}},"34":{"start":{"line":10,"column":13},"end":{"line":70,"column":null}}},"fnMap":{"0":{"name":"(anonymous_4)","decl":{"start":{"line":11,"column":2},"end":{"line":11,"column":null}},"loc":{"start":{"line":13,"column":54},"end":{"line":14,"column":6}}},"1":{"name":"(anonymous_5)","decl":{"start":{"line":16,"column":2},"end":{"line":16,"column":7}},"loc":{"start":{"line":16,"column":34},"end":{"line":29,"column":3}}},"2":{"name":"(anonymous_6)","decl":{"start":{"line":31,"column":2},"end":{"line":31,"column":9}},"loc":{"start":{"line":31,"column":9},"end":{"line":33,"column":3}}},"3":{"name":"(anonymous_7)","decl":{"start":{"line":35,"column":2},"end":{"line":35,"column":13}},"loc":{"start":{"line":35,"column":27},"end":{"line":37,"column":3}}},"4":{"name":"(anonymous_8)","decl":{"start":{"line":39,"column":2},"end":{"line":39,"column":10}},"loc":{"start":{"line":39,"column":21},"end":{"line":41,"column":3}}},"5":{"name":"(anonymous_9)","decl":{"start":{"line":43,"column":2},"end":{"line":43,"column":7}},"loc":{"start":{"line":43,"column":46},"end":{"line":58,"column":3}}},"6":{"name":"(anonymous_10)","decl":{"start":{"line":60,"column":2},"end":{"line":60,"column":7}},"loc":{"start":{"line":60,"column":60},"end":{"line":62,"column":3}}},"7":{"name":"(anonymous_11)","decl":{"start":{"line":64,"column":2},"end":{"line":64,"column":7}},"loc":{"start":{"line":64,"column":25},"end":{"line":69,"column":3}}}},"branchMap":{"0":{"loc":{"start":{"line":18,"column":4},"end":{"line":20,"column":5}},"type":"if","locations":[{"start":{"line":18,"column":4},"end":{"line":20,"column":5}}]},"1":{"loc":{"start":{"line":25,"column":12},"end":{"line":25,"column":40}},"type":"binary-expr","locations":[{"start":{"line":25,"column":12},"end":{"line":25,"column":21}},{"start":{"line":25,"column":25},"end":{"line":25,"column":40}}]},"2":{"loc":{"start":{"line":45,"column":4},"end":{"line":45,"column":68}},"type":"if","locations":[{"start":{"line":45,"column":4},"end":{"line":45,"column":68}}]},"3":{"loc":{"start":{"line":47,"column":4},"end":{"line":50,"column":5}},"type":"if","locations":[{"start":{"line":47,"column":4},"end":{"line":50,"column":5}}]},"4":{"loc":{"start":{"line":47,"column":8},"end":{"line":47,"column":47}},"type":"binary-expr","locations":[{"start":{"line":47,"column":8},"end":{"line":47,"column":18}},{"start":{"line":47,"column":22},"end":{"line":47,"column":47}}]},"5":{"loc":{"start":{"line":49,"column":6},"end":{"line":49,"column":71}},"type":"if","locations":[{"start":{"line":49,"column":6},"end":{"line":49,"column":71}}]},"6":{"loc":{"start":{"line":52,"column":4},"end":{"line":54,"column":5}},"type":"if","locations":[{"start":{"line":52,"column":4},"end":{"line":54,"column":5}}]},"7":{"loc":{"start":{"line":66,"column":4},"end":{"line":66,"column":68}},"type":"if","locations":[{"start":{"line":66,"column":4},"end":{"line":66,"column":68}}]}},"s":{"0":0,"1":0,"2":0,"3":0,"4":0,"5":0,"6":0,"7":0,"8":0,"9":0,"10":0,"11":0,"12":0,"13":0,"14":0,"15":0,"16":0,"17":0,"18":0,"19":0,"20":0,"21":0,"22":0,"23":0,"24":0,"25":0,"26":0,"27":0,"28":0,"29":0,"30":0,"31":0,"32":0,"33":0,"34":0},"f":{"0":0,"1":0,"2":0,"3":0,"4":0,"5":0,"6":0,"7":0},"b":{"0":[0],"1":[0,0],"2":[0],"3":[0],"4":[0,0],"5":[0],"6":[0],"7":[0]}}
,"/Users/luisdavidducuaracadavid/Downloads/ENTREGA2/src/users/dto/create-user.dto.ts": {"path":"/Users/luisdavidducuaracadavid/Downloads/ENTREGA2/src/users/dto/create-user.dto.ts","statementMap":{"0":{"start":{"line":1,"column":0},"end":{"line":1,"column":85}},"1":{"start":{"line":2,"column":0},"end":{"line":2,"column":67}},"2":{"start":{"line":3,"column":0},"end":{"line":3,"column":42}},"3":{"start":{"line":5,"column":0},"end":{"line":5,"column":13}},"4":{"start":{"line":8,"column":2},"end":{"line":8,"column":null}},"5":{"start":{"line":12,"column":2},"end":{"line":12,"column":null}},"6":{"start":{"line":16,"column":2},"end":{"line":16,"column":null}},"7":{"start":{"line":21,"column":2},"end":{"line":21,"column":null}}},"fnMap":{},"branchMap":{},"s":{"0":0,"1":0,"2":0,"3":0,"4":0,"5":0,"6":0,"7":0},"f":{},"b":{}}
,"/Users/luisdavidducuaracadavid/Downloads/ENTREGA2/src/users/dto/update-user.dto.ts": {"path":"/Users/luisdavidducuaracadavid/Downloads/ENTREGA2/src/users/dto/update-user.dto.ts","statementMap":{"0":{"start":{"line":1,"column":0},"end":{"line":1,"column":83}},"1":{"start":{"line":2,"column":0},"end":{"line":2,"column":54}},"2":{"start":{"line":3,"column":0},"end":{"line":3,"column":42}},"3":{"start":{"line":5,"column":0},"end":{"line":5,"column":13}},"4":{"start":{"line":9,"column":2},"end":{"line":9,"column":null}},"5":{"start":{"line":14,"column":2},"end":{"line":14,"column":null}},"6":{"start":{"line":19,"column":2},"end":{"line":19,"column":null}},"7":{"start":{"line":24,"column":2},"end":{"line":24,"column":null}}},"fnMap":{},"branchMap":{},"s":{"0":0,"1":0,"2":0,"3":0,"4":0,"5":0,"6":0,"7":0},"f":{},"b":{}}
}
